{"numFailedTestSuites":2,"numFailedTests":2,"numPassedTestSuites":13,"numPassedTests":244,"numPendingTestSuites":0,"numPendingTests":0,"numRuntimeErrorTestSuites":0,"numTodoTests":0,"numTotalTestSuites":15,"numTotalTests":246,"openHandles":[],"snapshot":{"added":0,"didUpdate":false,"failure":false,"filesAdded":0,"filesRemoved":0,"filesRemovedList":[],"filesUnmatched":0,"filesUpdated":0,"matched":0,"total":0,"unchecked":0,"uncheckedKeysByFile":[],"unmatched":0,"updated":0},"startTime":1776611106119,"success":false,"testResults":[{"assertionResults":[{"ancestorTitles":["cartController.add"],"duration":6,"failing":false,"failureDetails":[],"failureMessages":[],"fullName":"cartController.add UC-CARTCTRL-01: chưa login → json 400","invocations":1,"location":null,"numPassingAsserts":2,"retryReasons":[],"startAt":1776611107585,"status":"passed","title":"UC-CARTCTRL-01: chưa login → json 400"},{"ancestorTitles":["cartController.add"],"duration":1,"failing":false,"failureDetails":[],"failureMessages":[],"fullName":"cartController.add UC-CARTCTRL-02: thành công","invocations":1,"location":null,"numPassingAsserts":2,"retryReasons":[],"startAt":1776611107591,"status":"passed","title":"UC-CARTCTRL-02: thành công"},{"ancestorTitles":["cartController.add"],"duration":1,"failing":false,"failureDetails":[],"failureMessages":[],"fullName":"cartController.add UC-CARTCTRL-03: lỗi service","invocations":1,"location":null,"numPassingAsserts":2,"retryReasons":[],"startAt":1776611107592,"status":"passed","title":"UC-CARTCTRL-03: lỗi service"},{"ancestorTitles":["cartController.update"],"duration":1,"failing":false,"failureDetails":[],"failureMessages":[],"fullName":"cartController.update UC-CARTCTRL-04: chưa login → json 400","invocations":1,"location":null,"numPassingAsserts":2,"retryReasons":[],"startAt":1776611107593,"status":"passed","title":"UC-CARTCTRL-04: chưa login → json 400"},{"ancestorTitles":["cartController.update"],"duration":0,"failing":false,"failureDetails":[],"failureMessages":[],"fullName":"cartController.update UC-CARTCTRL-05: thành công","invocations":1,"location":null,"numPassingAsserts":2,"retryReasons":[],"startAt":1776611107595,"status":"passed","title":"UC-CARTCTRL-05: thành công"},{"ancestorTitles":["cartController.delete"],"duration":1,"failing":false,"failureDetails":[],"failureMessages":[],"fullName":"cartController.delete UC-CARTCTRL-06: chưa login → json 400","invocations":1,"location":null,"numPassingAsserts":2,"retryReasons":[],"startAt":1776611107595,"status":"passed","title":"UC-CARTCTRL-06: chưa login → json 400"},{"ancestorTitles":["cartController.delete"],"duration":1,"failing":false,"failureDetails":[],"failureMessages":[],"fullName":"cartController.delete UC-CARTCTRL-07: thành công","invocations":1,"location":null,"numPassingAsserts":2,"retryReasons":[],"startAt":1776611107596,"status":"passed","title":"UC-CARTCTRL-07: thành công"},{"ancestorTitles":["cartController.clear"],"duration":0,"failing":false,"failureDetails":[],"failureMessages":[],"fullName":"cartController.clear UC-CARTCTRL-08: chưa login → json 400","invocations":1,"location":null,"numPassingAsserts":2,"retryReasons":[],"startAt":1776611107597,"status":"passed","title":"UC-CARTCTRL-08: chưa login → json 400"},{"ancestorTitles":["cartController.clear"],"duration":1,"failing":false,"failureDetails":[],"failureMessages":[],"fullName":"cartController.clear UC-CARTCTRL-09: thành công","invocations":1,"location":null,"numPassingAsserts":2,"retryReasons":[],"startAt":1776611107597,"status":"passed","title":"UC-CARTCTRL-09: thành công"},{"ancestorTitles":["cartController.index"],"duration":1,"failing":false,"failureDetails":[],"failureMessages":[],"fullName":"cartController.index UC-CARTCTRL-10: API request thành công","invocations":1,"location":null,"numPassingAsserts":1,"retryReasons":[],"startAt":1776611107598,"status":"passed","title":"UC-CARTCTRL-10: API request thành công"},{"ancestorTitles":["cartController.index"],"duration":0,"failing":false,"failureDetails":[],"failureMessages":[],"fullName":"cartController.index UC-CARTCTRL-11: API request lỗi","invocations":1,"location":null,"numPassingAsserts":2,"retryReasons":[],"startAt":1776611107599,"status":"passed","title":"UC-CARTCTRL-11: API request lỗi"},{"ancestorTitles":["cartController.index"],"duration":1,"failing":false,"failureDetails":[],"failureMessages":[],"fullName":"cartController.index UC-CARTCTRL-12: HTML request thành công","invocations":1,"location":null,"numPassingAsserts":1,"retryReasons":[],"startAt":1776611107599,"status":"passed","title":"UC-CARTCTRL-12: HTML request thành công"}],"endTime":1776611107601,"message":"","name":"D:\\UTH\\Nam3-Ki2\\Kiem-chung-phan-mem\\Report Test\\Project-test\\Kiem-chung-phan-mem-new-ver2\\tests\\unit\\client-cart.controller.test.js","startTime":1776611106591,"status":"passed","summary":""},{"assertionResults":[{"ancestorTitles":["ordersController.orderList"],"duration":6,"failing":false,"failureDetails":[],"failureMessages":[],"fullName":"ordersController.orderList UC-ORDCTRL-01: chưa login → redirect /login","invocations":1,"location":null,"numPassingAsserts":1,"retryReasons":[],"startAt":1776611107623,"status":"passed","title":"UC-ORDCTRL-01: chưa login → redirect /login"},{"ancestorTitles":["ordersController.orderList"],"duration":1,"failing":false,"failureDetails":[],"failureMessages":[],"fullName":"ordersController.orderList UC-ORDCTRL-02: thành công → render trang danh sách đơn hàng","invocations":1,"location":null,"numPassingAsserts":2,"retryReasons":[],"startAt":1776611107630,"status":"passed","title":"UC-ORDCTRL-02: thành công → render trang danh sách đơn hàng"},{"ancestorTitles":["ordersController.orderList"],"duration":11,"failing":false,"failureDetails":[],"failureMessages":[],"fullName":"ordersController.orderList UC-ORDCTRL-03: lỗi service → render có log lỗi","invocations":1,"location":null,"numPassingAsserts":1,"retryReasons":[],"startAt":1776611107631,"status":"passed","title":"UC-ORDCTRL-03: lỗi service → render có log lỗi"},{"ancestorTitles":["ordersController.orderDetail"],"duration":1,"failing":false,"failureDetails":[],"failureMessages":[],"fullName":"ordersController.orderDetail UC-ORDCTRL-04: API chưa login → json 401","invocations":1,"location":null,"numPassingAsserts":2,"retryReasons":[],"startAt":1776611107642,"status":"passed","title":"UC-ORDCTRL-04: API chưa login → json 401"},{"ancestorTitles":["ordersController.orderDetail"],"duration":0,"failing":false,"failureDetails":[],"failureMessages":[],"fullName":"ordersController.orderDetail UC-ORDCTRL-05: HTML chưa login → redirect /login","invocations":1,"location":null,"numPassingAsserts":1,"retryReasons":[],"startAt":1776611107644,"status":"passed","title":"UC-ORDCTRL-05: HTML chưa login → redirect /login"},{"ancestorTitles":["ordersController.orderDetail"],"duration":1,"failing":false,"failureDetails":[],"failureMessages":[],"fullName":"ordersController.orderDetail UC-ORDCTRL-06: API thành công → json order","invocations":1,"location":null,"numPassingAsserts":2,"retryReasons":[],"startAt":1776611107644,"status":"passed","title":"UC-ORDCTRL-06: API thành công → json order"},{"ancestorTitles":["ordersController.orderDetail"],"duration":1,"failing":false,"failureDetails":[],"failureMessages":[],"fullName":"ordersController.orderDetail UC-ORDCTRL-07: HTML thành công → render detail","invocations":1,"location":null,"numPassingAsserts":1,"retryReasons":[],"startAt":1776611107645,"status":"passed","title":"UC-ORDCTRL-07: HTML thành công → render detail"},{"ancestorTitles":["ordersController.orderDetail"],"duration":1,"failing":false,"failureDetails":[],"failureMessages":[],"fullName":"ordersController.orderDetail UC-ORDCTRL-08: API lỗi \"ID đơn hàng không hợp lệ\" → json 400","invocations":1,"location":null,"numPassingAsserts":2,"retryReasons":[],"startAt":1776611107646,"status":"passed","title":"UC-ORDCTRL-08: API lỗi \"ID đơn hàng không hợp lệ\" → json 400"},{"ancestorTitles":["ordersController.orderDetail"],"duration":1,"failing":false,"failureDetails":[],"failureMessages":[],"fullName":"ordersController.orderDetail UC-ORDCTRL-09: HTML lỗi \"ID đơn hàng không hợp lệ\" → flash & redirect /orders","invocations":1,"location":null,"numPassingAsserts":2,"retryReasons":[],"startAt":1776611107647,"status":"passed","title":"UC-ORDCTRL-09: HTML lỗi \"ID đơn hàng không hợp lệ\" → flash & redirect /orders"},{"ancestorTitles":["ordersController.cancelOrder"],"duration":1,"failing":false,"failureDetails":[],"failureMessages":[],"fullName":"ordersController.cancelOrder UC-ORDCTRL-10: chưa login → json 401","invocations":1,"location":null,"numPassingAsserts":2,"retryReasons":[],"startAt":1776611107648,"status":"passed","title":"UC-ORDCTRL-10: chưa login → json 401"},{"ancestorTitles":["ordersController.cancelOrder"],"duration":8,"failing":false,"failureDetails":[],"failureMessages":[],"fullName":"ordersController.cancelOrder UC-ORDCTRL-11: thành công → json 200","invocations":1,"location":null,"numPassingAsserts":2,"retryReasons":[],"startAt":1776611107654,"status":"passed","title":"UC-ORDCTRL-11: thành công → json 200"},{"ancestorTitles":["ordersController.cancelOrder"],"duration":8,"failing":false,"failureDetails":[],"failureMessages":[],"fullName":"ordersController.cancelOrder UC-ORDCTRL-12: lỗi \"ID đơn hàng không hợp lệ\" → json 400","invocations":1,"location":null,"numPassingAsserts":2,"retryReasons":[],"startAt":1776611107662,"status":"passed","title":"UC-ORDCTRL-12: lỗi \"ID đơn hàng không hợp lệ\" → json 400"},{"ancestorTitles":["ordersController.cancelOrder"],"duration":1,"failing":false,"failureDetails":[],"failureMessages":[],"fullName":"ordersController.cancelOrder UC-ORDCTRL-13: lỗi \"Không tìm thấy đơn hàng\" → json 404","invocations":1,"location":null,"numPassingAsserts":2,"retryReasons":[],"startAt":1776611107670,"status":"passed","title":"UC-ORDCTRL-13: lỗi \"Không tìm thấy đơn hàng\" → json 404"},{"ancestorTitles":["ordersController.cancelOrder"],"duration":1,"failing":false,"failureDetails":[],"failureMessages":[],"fullName":"ordersController.cancelOrder UC-ORDCTRL-14: lỗi \"Không thể hủy\" → json 400","invocations":1,"location":null,"numPassingAsserts":2,"retryReasons":[],"startAt":1776611107671,"status":"passed","title":"UC-ORDCTRL-14: lỗi \"Không thể hủy\" → json 400"}],"endTime":1776611107674,"message":"","name":"D:\\UTH\\Nam3-Ki2\\Kiem-chung-phan-mem\\Report Test\\Project-test\\Kiem-chung-phan-mem-new-ver2\\tests\\unit\\client-orders.controller.test.js","startTime":1776611106611,"status":"passed","summary":""},{"assertionResults":[{"ancestorTitles":["checkoutController.renderCheckout"],"duration":7,"failing":false,"failureDetails":[],"failureMessages":[],"fullName":"checkoutController.renderCheckout UC-CHKCTRL-01: chưa login → redirect /login","invocations":1,"location":null,"numPassingAsserts":1,"retryReasons":[],"startAt":1776611107779,"status":"passed","title":"UC-CHKCTRL-01: chưa login → redirect /login"},{"ancestorTitles":["checkoutController.renderCheckout"],"duration":1,"failing":false,"failureDetails":[],"failureMessages":[],"fullName":"checkoutController.renderCheckout UC-CHKCTRL-02: directItems không hợp lệ → redirect /cart","invocations":1,"location":null,"numPassingAsserts":1,"retryReasons":[],"startAt":1776611107787,"status":"passed","title":"UC-CHKCTRL-02: directItems không hợp lệ → redirect /cart"},{"ancestorTitles":["checkoutController.renderCheckout"],"duration":1,"failing":false,"failureDetails":[],"failureMessages":[],"fullName":"checkoutController.renderCheckout UC-CHKCTRL-03: directItems hợp lệ → render trang thanh toán","invocations":1,"location":null,"numPassingAsserts":2,"retryReasons":[],"startAt":1776611107788,"status":"passed","title":"UC-CHKCTRL-03: directItems hợp lệ → render trang thanh toán"},{"ancestorTitles":["checkoutController.renderCheckout"],"duration":1,"failing":false,"failureDetails":[],"failureMessages":[],"fullName":"checkoutController.renderCheckout UC-CHKCTRL-04: selectedItems không hợp lệ hoặc rỗng → redirect /cart","invocations":1,"location":null,"numPassingAsserts":1,"retryReasons":[],"startAt":1776611107789,"status":"passed","title":"UC-CHKCTRL-04: selectedItems không hợp lệ hoặc rỗng → redirect /cart"},{"ancestorTitles":["checkoutController.renderCheckout"],"duration":4,"failing":false,"failureDetails":[],"failureMessages":[],"fullName":"checkoutController.renderCheckout UC-CHKCTRL-05: selectedItems hợp lệ → render trang thanh toán","invocations":1,"location":null,"numPassingAsserts":2,"retryReasons":[],"startAt":1776611107790,"status":"passed","title":"UC-CHKCTRL-05: selectedItems hợp lệ → render trang thanh toán"},{"ancestorTitles":["checkoutController.placeOrder"],"duration":1,"failing":false,"failureDetails":[],"failureMessages":[],"fullName":"checkoutController.placeOrder UC-CHKCTRL-06: validator báo lỗi → json 400","invocations":1,"location":null,"numPassingAsserts":2,"retryReasons":[],"startAt":1776611107795,"status":"passed","title":"UC-CHKCTRL-06: validator báo lỗi → json 400"},{"ancestorTitles":["checkoutController.placeOrder"],"duration":2,"failing":false,"failureDetails":[],"failureMessages":[],"fullName":"checkoutController.placeOrder UC-CHKCTRL-07: chưa login → json 400","invocations":1,"location":null,"numPassingAsserts":2,"retryReasons":[],"startAt":1776611107796,"status":"passed","title":"UC-CHKCTRL-07: chưa login → json 400"},{"ancestorTitles":["checkoutController.placeOrder"],"duration":0,"failing":false,"failureDetails":[],"failureMessages":[],"fullName":"checkoutController.placeOrder UC-CHKCTRL-08: body parse JSON lỗi → json 400","invocations":1,"location":null,"numPassingAsserts":2,"retryReasons":[],"startAt":1776611107798,"status":"passed","title":"UC-CHKCTRL-08: body parse JSON lỗi → json 400"},{"ancestorTitles":["checkoutController.placeOrder"],"duration":0,"failing":false,"failureDetails":[],"failureMessages":[],"fullName":"checkoutController.placeOrder UC-CHKCTRL-09: ids rỗng → json 400","invocations":1,"location":null,"numPassingAsserts":2,"retryReasons":[],"startAt":1776611107799,"status":"passed","title":"UC-CHKCTRL-09: ids rỗng → json 400"},{"ancestorTitles":["checkoutController.placeOrder"],"duration":1,"failing":false,"failureDetails":[],"failureMessages":[],"fullName":"checkoutController.placeOrder UC-CHKCTRL-10: đặt hàng directItems thành công","invocations":1,"location":null,"numPassingAsserts":2,"retryReasons":[],"startAt":1776611107799,"status":"passed","title":"UC-CHKCTRL-10: đặt hàng directItems thành công"},{"ancestorTitles":["checkoutController.placeOrder"],"duration":1,"failing":false,"failureDetails":[],"failureMessages":[],"fullName":"checkoutController.placeOrder UC-CHKCTRL-11: đặt hàng selectedItems thành công","invocations":1,"location":null,"numPassingAsserts":2,"retryReasons":[],"startAt":1776611107800,"status":"passed","title":"UC-CHKCTRL-11: đặt hàng selectedItems thành công"},{"ancestorTitles":["checkoutController.placeOrder"],"duration":24,"failing":false,"failureDetails":[],"failureMessages":[],"fullName":"checkoutController.placeOrder UC-CHKCTRL-12: service ném lỗi → json 400","invocations":1,"location":null,"numPassingAsserts":2,"retryReasons":[],"startAt":1776611107801,"status":"passed","title":"UC-CHKCTRL-12: service ném lỗi → json 400"}],"endTime":1776611107827,"message":"","name":"D:\\UTH\\Nam3-Ki2\\Kiem-chung-phan-mem\\Report Test\\Project-test\\Kiem-chung-phan-mem-new-ver2\\tests\\unit\\client-checkout.controller.test.js","startTime":1776611106597,"status":"passed","summary":""},{"assertionResults":[{"ancestorTitles":["loginController.renderLogin"],"duration":6,"failing":false,"failureDetails":[],"failureMessages":[],"fullName":"loginController.renderLogin UC-LOGCTRL-01: render login page với data mặc định","invocations":1,"location":null,"numPassingAsserts":1,"retryReasons":[],"startAt":1776611107929,"status":"passed","title":"UC-LOGCTRL-01: render login page với data mặc định"},{"ancestorTitles":["loginController.handleLogin"],"duration":3,"failing":false,"failureDetails":[{"matcherResult":{"message":"expect(jest.fn()).toHaveBeenCalledWith(...expected)\n\nExpected: \"client/pages/auth/login\", ObjectContaining {\"errors\": Any<Array>, \"oldData\": {}}\nReceived: undefined, undefined\n\nNumber of calls: 1","pass":false}}],"failureMessages":["Error: expect(jest.fn()).toHaveBeenCalledWith(...expected)\n\nExpected: \"client/pages/auth/login\", ObjectContaining {\"errors\": Any<Array>, \"oldData\": {}}\nReceived: undefined, undefined\n\nNumber of calls: 1\n    at Object.toHaveBeenCalledWith (D:\\UTH\\Nam3-Ki2\\Kiem-chung-phan-mem\\Report Test\\Project-test\\Kiem-chung-phan-mem-new-ver2\\tests\\unit\\client-login.controller.test.js:81:28)\n    at processTicksAndRejections (node:internal/process/task_queues:104:5)"],"fullName":"loginController.handleLogin UC-LOGCTRL-02: validation error → render login với errors","invocations":1,"location":null,"numPassingAsserts":0,"retryReasons":[],"startAt":1776611107936,"status":"failed","title":"UC-LOGCTRL-02: validation error → render login với errors"},{"ancestorTitles":["loginController.handleLogin"],"duration":1,"failing":false,"failureDetails":[],"failureMessages":[],"fullName":"loginController.handleLogin UC-LOGCTRL-03: login success → service gọi + respond 200","invocations":1,"location":null,"numPassingAsserts":2,"retryReasons":[],"startAt":1776611107946,"status":"passed","title":"UC-LOGCTRL-03: login success → service gọi + respond 200"},{"ancestorTitles":["loginController.handleLogin"],"duration":1,"failing":false,"failureDetails":[],"failureMessages":[],"fullName":"loginController.handleLogin UC-LOGCTRL-04: EMAIL_NOT_FOUND error → respond 401","invocations":1,"location":null,"numPassingAsserts":1,"retryReasons":[],"startAt":1776611107947,"status":"passed","title":"UC-LOGCTRL-04: EMAIL_NOT_FOUND error → respond 401"},{"ancestorTitles":["loginController.handleLogin"],"duration":1,"failing":false,"failureDetails":[],"failureMessages":[],"fullName":"loginController.handleLogin UC-LOGCTRL-05: PASSWORD_ERROR → respond 401","invocations":1,"location":null,"numPassingAsserts":1,"retryReasons":[],"startAt":1776611107948,"status":"passed","title":"UC-LOGCTRL-05: PASSWORD_ERROR → respond 401"},{"ancestorTitles":["loginController.handleLogin"],"duration":1,"failing":false,"failureDetails":[],"failureMessages":[],"fullName":"loginController.handleLogin UC-LOGCTRL-06: ACCOUNT_BLOCK → respond 403","invocations":1,"location":null,"numPassingAsserts":1,"retryReasons":[],"startAt":1776611107949,"status":"passed","title":"UC-LOGCTRL-06: ACCOUNT_BLOCK → respond 403"},{"ancestorTitles":["loginController.handleLogin"],"duration":0,"failing":false,"failureDetails":[],"failureMessages":[],"fullName":"loginController.handleLogin UC-LOGCTRL-07: unknown error → respond 500","invocations":1,"location":null,"numPassingAsserts":1,"retryReasons":[],"startAt":1776611107950,"status":"passed","title":"UC-LOGCTRL-07: unknown error → respond 500"},{"ancestorTitles":["loginController.logout"],"duration":1,"failing":false,"failureDetails":[],"failureMessages":[],"fullName":"loginController.logout UC-LOGCTRL-08: gọi logout service + redirect /login","invocations":1,"location":null,"numPassingAsserts":2,"retryReasons":[],"startAt":1776611107950,"status":"passed","title":"UC-LOGCTRL-08: gọi logout service + redirect /login"}],"endTime":1776611107994,"message":"  ● loginController.handleLogin › UC-LOGCTRL-02: validation error → render login với errors\n\n    expect(jest.fn()).toHaveBeenCalledWith(...expected)\n\n    Expected: \"client/pages/auth/login\", ObjectContaining {\"errors\": Any<Array>, \"oldData\": {}}\n    Received: undefined, undefined\n\n    Number of calls: 1\n\n    \u001b[0m \u001b[90m 79 |\u001b[39m         \u001b[36mawait\u001b[39m loginController\u001b[33m.\u001b[39mhandleLogin(req\u001b[33m,\u001b[39m res)\u001b[33m;\u001b[39m\n     \u001b[90m 80 |\u001b[39m\n    \u001b[31m\u001b[1m>\u001b[22m\u001b[39m\u001b[90m 81 |\u001b[39m         expect(res\u001b[33m.\u001b[39mrender)\u001b[33m.\u001b[39mtoHaveBeenCalledWith(\u001b[32m'client/pages/auth/login'\u001b[39m\u001b[33m,\u001b[39m expect\u001b[33m.\u001b[39mobjectContaining({\n     \u001b[90m    |\u001b[39m                            \u001b[31m\u001b[1m^\u001b[22m\u001b[39m\n     \u001b[90m 82 |\u001b[39m             errors\u001b[33m:\u001b[39m expect\u001b[33m.\u001b[39many(\u001b[33mArray\u001b[39m)\u001b[33m,\u001b[39m\n     \u001b[90m 83 |\u001b[39m             oldData\u001b[33m:\u001b[39m req\u001b[33m.\u001b[39mbody\n     \u001b[90m 84 |\u001b[39m         }))\u001b[33m;\u001b[39m\u001b[0m\n\n      at Object.toHaveBeenCalledWith (tests/unit/client-login.controller.test.js:81:28)\n","name":"D:\\UTH\\Nam3-Ki2\\Kiem-chung-phan-mem\\Report Test\\Project-test\\Kiem-chung-phan-mem-new-ver2\\tests\\unit\\client-login.controller.test.js","startTime":1776611106530,"status":"failed","summary":""},{"assertionResults":[{"ancestorTitles":["cartService","getCart"],"duration":26,"failing":false,"failureDetails":[],"failureMessages":[],"fullName":"cartService getCart UC-CARTSER-01: chưa login → trả về giỏ rỗng","invocations":1,"location":null,"numPassingAsserts":1,"retryReasons":[],"startAt":1776611107914,"status":"passed","title":"UC-CARTSER-01: chưa login → trả về giỏ rỗng"},{"ancestorTitles":["cartService","getCart"],"duration":1,"failing":false,"failureDetails":[],"failureMessages":[],"fullName":"cartService getCart UC-CARTSER-02: chưa có giỏ trong DB → trả về rỗng","invocations":1,"location":null,"numPassingAsserts":1,"retryReasons":[],"startAt":1776611107941,"status":"passed","title":"UC-CARTSER-02: chưa có giỏ trong DB → trả về rỗng"},{"ancestorTitles":["cartService","getCart"],"duration":2,"failing":false,"failureDetails":[],"failureMessages":[],"fullName":"cartService getCart UC-CARTSER-03: có giỏ → tính tổng tiền","invocations":1,"location":null,"numPassingAsserts":2,"retryReasons":[],"startAt":1776611107942,"status":"passed","title":"UC-CARTSER-03: có giỏ → tính tổng tiền"},{"ancestorTitles":["cartService","addToCart"],"duration":16,"failing":false,"failureDetails":[],"failureMessages":[],"fullName":"cartService addToCart UC-CARTSER-04: chưa login → throw error","invocations":1,"location":null,"numPassingAsserts":1,"retryReasons":[],"startAt":1776611107944,"status":"passed","title":"UC-CARTSER-04: chưa login → throw error"},{"ancestorTitles":["cartService","addToCart"],"duration":20,"failing":false,"failureDetails":[],"failureMessages":[],"fullName":"cartService addToCart UC-CARTSER-05: Product ObjectId không hợp lệ → throw error","invocations":1,"location":null,"numPassingAsserts":1,"retryReasons":[],"startAt":1776611107960,"status":"passed","title":"UC-CARTSER-05: Product ObjectId không hợp lệ → throw error"},{"ancestorTitles":["cartService","addToCart"],"duration":1,"failing":false,"failureDetails":[],"failureMessages":[],"fullName":"cartService addToCart UC-CARTSER-06: sản phẩm không tồn tại → throw error","invocations":1,"location":null,"numPassingAsserts":1,"retryReasons":[],"startAt":1776611107980,"status":"passed","title":"UC-CARTSER-06: sản phẩm không tồn tại → throw error"},{"ancestorTitles":["cartService","addToCart"],"duration":0,"failing":false,"failureDetails":[],"failureMessages":[],"fullName":"cartService addToCart UC-CARTSER-07: quantity không hợp lệ → throw error","invocations":1,"location":null,"numPassingAsserts":1,"retryReasons":[],"startAt":1776611107981,"status":"passed","title":"UC-CARTSER-07: quantity không hợp lệ → throw error"},{"ancestorTitles":["cartService","addToCart"],"duration":1,"failing":false,"failureDetails":[],"failureMessages":[],"fullName":"cartService addToCart UC-CARTSER-08: vượt quá kho → throw error","invocations":1,"location":null,"numPassingAsserts":1,"retryReasons":[],"startAt":1776611107981,"status":"passed","title":"UC-CARTSER-08: vượt quá kho → throw error"},{"ancestorTitles":["cartService","addToCart"],"duration":1,"failing":false,"failureDetails":[],"failureMessages":[],"fullName":"cartService addToCart UC-CARTSER-09: chưa có giỏ → tạo mới","invocations":1,"location":null,"numPassingAsserts":2,"retryReasons":[],"startAt":1776611107982,"status":"passed","title":"UC-CARTSER-09: chưa có giỏ → tạo mới"},{"ancestorTitles":["cartService","addToCart"],"duration":1,"failing":false,"failureDetails":[],"failureMessages":[],"fullName":"cartService addToCart UC-CARTSER-10: có giỏ, chưa có item → thêm item","invocations":1,"location":null,"numPassingAsserts":3,"retryReasons":[],"startAt":1776611107983,"status":"passed","title":"UC-CARTSER-10: có giỏ, chưa có item → thêm item"},{"ancestorTitles":["cartService","addToCart"],"duration":1,"failing":false,"failureDetails":[],"failureMessages":[],"fullName":"cartService addToCart UC-CARTSER-11: đã có item → cộng số lượng, nếu vượt kho → throw","invocations":1,"location":null,"numPassingAsserts":1,"retryReasons":[],"startAt":1776611107984,"status":"passed","title":"UC-CARTSER-11: đã có item → cộng số lượng, nếu vượt kho → throw"},{"ancestorTitles":["cartService","addToCart"],"duration":1,"failing":false,"failureDetails":[],"failureMessages":[],"fullName":"cartService addToCart UC-CARTSER-12: đã có item → cộng số lượng thành công","invocations":1,"location":null,"numPassingAsserts":2,"retryReasons":[],"startAt":1776611107985,"status":"passed","title":"UC-CARTSER-12: đã có item → cộng số lượng thành công"},{"ancestorTitles":["cartService","updateQuantity"],"duration":1,"failing":false,"failureDetails":[],"failureMessages":[],"fullName":"cartService updateQuantity UC-CARTSER-13: Mã không hợp lệ","invocations":1,"location":null,"numPassingAsserts":1,"retryReasons":[],"startAt":1776611107986,"status":"passed","title":"UC-CARTSER-13: Mã không hợp lệ"},{"ancestorTitles":["cartService","updateQuantity"],"duration":0,"failing":false,"failureDetails":[],"failureMessages":[],"fullName":"cartService updateQuantity UC-CARTSER-14: Giỏ hàng trống","invocations":1,"location":null,"numPassingAsserts":1,"retryReasons":[],"startAt":1776611107987,"status":"passed","title":"UC-CARTSER-14: Giỏ hàng trống"},{"ancestorTitles":["cartService","updateQuantity"],"duration":0,"failing":false,"failureDetails":[],"failureMessages":[],"fullName":"cartService updateQuantity UC-CARTSER-15: Sản phẩm không có → báo lỗi","invocations":1,"location":null,"numPassingAsserts":1,"retryReasons":[],"startAt":1776611107988,"status":"passed","title":"UC-CARTSER-15: Sản phẩm không có → báo lỗi"},{"ancestorTitles":["cartService","updateQuantity"],"duration":1,"failing":false,"failureDetails":[],"failureMessages":[],"fullName":"cartService updateQuantity UC-CARTSER-16: Số lượng <= 0 → báo lỗi","invocations":1,"location":null,"numPassingAsserts":1,"retryReasons":[],"startAt":1776611107988,"status":"passed","title":"UC-CARTSER-16: Số lượng <= 0 → báo lỗi"},{"ancestorTitles":["cartService","updateQuantity"],"duration":0,"failing":false,"failureDetails":[],"failureMessages":[],"fullName":"cartService updateQuantity UC-CARTSER-17: vượt maxStock → báo lỗi","invocations":1,"location":null,"numPassingAsserts":1,"retryReasons":[],"startAt":1776611107989,"status":"passed","title":"UC-CARTSER-17: vượt maxStock → báo lỗi"},{"ancestorTitles":["cartService","updateQuantity"],"duration":1,"failing":false,"failureDetails":[],"failureMessages":[],"fullName":"cartService updateQuantity UC-CARTSER-18: thành công","invocations":1,"location":null,"numPassingAsserts":2,"retryReasons":[],"startAt":1776611107989,"status":"passed","title":"UC-CARTSER-18: thành công"},{"ancestorTitles":["cartService","removeItem"],"duration":1,"failing":false,"failureDetails":[],"failureMessages":[],"fullName":"cartService removeItem UC-CARTSER-19: Giỏ trống","invocations":1,"location":null,"numPassingAsserts":1,"retryReasons":[],"startAt":1776611107990,"status":"passed","title":"UC-CARTSER-19: Giỏ trống"},{"ancestorTitles":["cartService","removeItem"],"duration":0,"failing":false,"failureDetails":[],"failureMessages":[],"fullName":"cartService removeItem UC-CARTSER-20: Sản phẩm không có trong giỏ","invocations":1,"location":null,"numPassingAsserts":1,"retryReasons":[],"startAt":1776611107992,"status":"passed","title":"UC-CARTSER-20: Sản phẩm không có trong giỏ"},{"ancestorTitles":["cartService","removeItem"],"duration":1,"failing":false,"failureDetails":[],"failureMessages":[],"fullName":"cartService removeItem UC-CARTSER-21: Xóa thành công","invocations":1,"location":null,"numPassingAsserts":2,"retryReasons":[],"startAt":1776611107992,"status":"passed","title":"UC-CARTSER-21: Xóa thành công"},{"ancestorTitles":["cartService","clearCart"],"duration":1,"failing":false,"failureDetails":[],"failureMessages":[],"fullName":"cartService clearCart UC-CARTSER-22: Giỏ trống","invocations":1,"location":null,"numPassingAsserts":1,"retryReasons":[],"startAt":1776611107993,"status":"passed","title":"UC-CARTSER-22: Giỏ trống"},{"ancestorTitles":["cartService","clearCart"],"duration":1,"failing":false,"failureDetails":[],"failureMessages":[],"fullName":"cartService clearCart UC-CARTSER-23: Xóa thành công","invocations":1,"location":null,"numPassingAsserts":1,"retryReasons":[],"startAt":1776611107994,"status":"passed","title":"UC-CARTSER-23: Xóa thành công"}],"endTime":1776611107997,"message":"","name":"D:\\UTH\\Nam3-Ki2\\Kiem-chung-phan-mem\\Report Test\\Project-test\\Kiem-chung-phan-mem-new-ver2\\tests\\unit\\client-cart.service.test.js","startTime":1776611106563,"status":"passed","summary":""},{"assertionResults":[{"ancestorTitles":["ordersService","getOrderList"],"duration":7,"failing":false,"failureDetails":[],"failureMessages":[],"fullName":"ordersService getOrderList UC-ORDSER-01: thành công","invocations":1,"location":null,"numPassingAsserts":3,"retryReasons":[],"startAt":1776611108034,"status":"passed","title":"UC-ORDSER-01: thành công"},{"ancestorTitles":["ordersService","getOrderDetail"],"duration":11,"failing":false,"failureDetails":[],"failureMessages":[],"fullName":"ordersService getOrderDetail UC-ORDSER-02: ID đơn hàng không hợp lệ","invocations":1,"location":null,"numPassingAsserts":1,"retryReasons":[],"startAt":1776611108042,"status":"passed","title":"UC-ORDSER-02: ID đơn hàng không hợp lệ"},{"ancestorTitles":["ordersService","getOrderDetail"],"duration":1,"failing":false,"failureDetails":[],"failureMessages":[],"fullName":"ordersService getOrderDetail UC-ORDSER-03: không tìm thấy đơn hàng","invocations":1,"location":null,"numPassingAsserts":1,"retryReasons":[],"startAt":1776611108053,"status":"passed","title":"UC-ORDSER-03: không tìm thấy đơn hàng"},{"ancestorTitles":["ordersService","getOrderDetail"],"duration":1,"failing":false,"failureDetails":[],"failureMessages":[],"fullName":"ordersService getOrderDetail UC-ORDSER-04: thành công","invocations":1,"location":null,"numPassingAsserts":1,"retryReasons":[],"startAt":1776611108054,"status":"passed","title":"UC-ORDSER-04: thành công"},{"ancestorTitles":["ordersService","cancelOrder"],"duration":2,"failing":false,"failureDetails":[],"failureMessages":[],"fullName":"ordersService cancelOrder UC-ORDSER-05: ID không hợp lệ","invocations":1,"location":null,"numPassingAsserts":1,"retryReasons":[],"startAt":1776611108055,"status":"passed","title":"UC-ORDSER-05: ID không hợp lệ"},{"ancestorTitles":["ordersService","cancelOrder"],"duration":1,"failing":false,"failureDetails":[],"failureMessages":[],"fullName":"ordersService cancelOrder UC-ORDSER-06: không tìm thấy","invocations":1,"location":null,"numPassingAsserts":1,"retryReasons":[],"startAt":1776611108057,"status":"passed","title":"UC-ORDSER-06: không tìm thấy"},{"ancestorTitles":["ordersService","cancelOrder"],"duration":0,"failing":false,"failureDetails":[],"failureMessages":[],"fullName":"ordersService cancelOrder UC-ORDSER-07: trạng thái không hợp lệ","invocations":1,"location":null,"numPassingAsserts":1,"retryReasons":[],"startAt":1776611108058,"status":"passed","title":"UC-ORDSER-07: trạng thái không hợp lệ"},{"ancestorTitles":["ordersService","cancelOrder"],"duration":1,"failing":false,"failureDetails":[],"failureMessages":[],"fullName":"ordersService cancelOrder UC-ORDSER-08: thành công (hoàn tồn kho)","invocations":1,"location":null,"numPassingAsserts":5,"retryReasons":[],"startAt":1776611108058,"status":"passed","title":"UC-ORDSER-08: thành công (hoàn tồn kho)"},{"ancestorTitles":["ordersService","cancelOrder"],"duration":1,"failing":false,"failureDetails":[],"failureMessages":[],"fullName":"ordersService cancelOrder UC-ORDSER-09: thành công (product deleted -> skip restore)","invocations":1,"location":null,"numPassingAsserts":2,"retryReasons":[],"startAt":1776611108059,"status":"passed","title":"UC-ORDSER-09: thành công (product deleted -> skip restore)"}],"endTime":1776611108061,"message":"","name":"D:\\UTH\\Nam3-Ki2\\Kiem-chung-phan-mem\\Report Test\\Project-test\\Kiem-chung-phan-mem-new-ver2\\tests\\unit\\client-orders.service.test.js","startTime":1776611106597,"status":"passed","summary":""},{"assertionResults":[{"ancestorTitles":["checkoutService","getSelectedItems"],"duration":47,"failing":false,"failureDetails":[],"failureMessages":[],"fullName":"checkoutService getSelectedItems UC-CHKSER-01: chưa login → throw error","invocations":1,"location":null,"numPassingAsserts":1,"retryReasons":[],"startAt":1776611108059,"status":"passed","title":"UC-CHKSER-01: chưa login → throw error"},{"ancestorTitles":["checkoutService","getSelectedItems"],"duration":1,"failing":false,"failureDetails":[],"failureMessages":[],"fullName":"checkoutService getSelectedItems UC-CHKSER-02: selectedItems rỗng → throw error","invocations":1,"location":null,"numPassingAsserts":1,"retryReasons":[],"startAt":1776611108107,"status":"passed","title":"UC-CHKSER-02: selectedItems rỗng → throw error"},{"ancestorTitles":["checkoutService","getSelectedItems"],"duration":2,"failing":false,"failureDetails":[],"failureMessages":[],"fullName":"checkoutService getSelectedItems UC-CHKSER-03: giỏ hàng trống → throw error","invocations":1,"location":null,"numPassingAsserts":1,"retryReasons":[],"startAt":1776611108108,"status":"passed","title":"UC-CHKSER-03: giỏ hàng trống → throw error"},{"ancestorTitles":["checkoutService","getSelectedItems"],"duration":1,"failing":false,"failureDetails":[],"failureMessages":[],"fullName":"checkoutService getSelectedItems UC-CHKSER-04: không tìm thấy item trong giỏ → throw error","invocations":1,"location":null,"numPassingAsserts":1,"retryReasons":[],"startAt":1776611108110,"status":"passed","title":"UC-CHKSER-04: không tìm thấy item trong giỏ → throw error"},{"ancestorTitles":["checkoutService","getSelectedItems"],"duration":1,"failing":false,"failureDetails":[],"failureMessages":[],"fullName":"checkoutService getSelectedItems UC-CHKSER-05: thành công","invocations":1,"location":null,"numPassingAsserts":2,"retryReasons":[],"startAt":1776611108111,"status":"passed","title":"UC-CHKSER-05: thành công"},{"ancestorTitles":["checkoutService","createOrder"],"duration":2,"failing":false,"failureDetails":[],"failureMessages":[],"fullName":"checkoutService createOrder UC-CHKSER-06: chưa login → throw error","invocations":1,"location":null,"numPassingAsserts":1,"retryReasons":[],"startAt":1776611108113,"status":"passed","title":"UC-CHKSER-06: chưa login → throw error"},{"ancestorTitles":["checkoutService","createOrder"],"duration":2,"failing":false,"failureDetails":[],"failureMessages":[],"fullName":"checkoutService createOrder UC-CHKSER-07: thiếu thông tin giao hàng → throw error","invocations":1,"location":null,"numPassingAsserts":1,"retryReasons":[],"startAt":1776611108115,"status":"passed","title":"UC-CHKSER-07: thiếu thông tin giao hàng → throw error"},{"ancestorTitles":["checkoutService","createOrder"],"duration":1,"failing":false,"failureDetails":[],"failureMessages":[],"fullName":"checkoutService createOrder UC-CHKSER-08: giỏ rỗng → throw error","invocations":1,"location":null,"numPassingAsserts":1,"retryReasons":[],"startAt":1776611108117,"status":"passed","title":"UC-CHKSER-08: giỏ rỗng → throw error"},{"ancestorTitles":["checkoutService","createOrder"],"duration":1,"failing":false,"failureDetails":[],"failureMessages":[],"fullName":"checkoutService createOrder UC-CHKSER-09: product không tồn tại → throw error","invocations":1,"location":null,"numPassingAsserts":1,"retryReasons":[],"startAt":1776611108118,"status":"passed","title":"UC-CHKSER-09: product không tồn tại → throw error"},{"ancestorTitles":["checkoutService","createOrder"],"duration":1,"failing":false,"failureDetails":[],"failureMessages":[],"fullName":"checkoutService createOrder UC-CHKSER-10: không đủ stock → throw error","invocations":1,"location":null,"numPassingAsserts":1,"retryReasons":[],"startAt":1776611108119,"status":"passed","title":"UC-CHKSER-10: không đủ stock → throw error"},{"ancestorTitles":["checkoutService","createOrder"],"duration":2,"failing":false,"failureDetails":[],"failureMessages":[],"fullName":"checkoutService createOrder UC-CHKSER-11: thành công","invocations":1,"location":null,"numPassingAsserts":5,"retryReasons":[],"startAt":1776611108120,"status":"passed","title":"UC-CHKSER-11: thành công"},{"ancestorTitles":["checkoutService","createOrderFromPayload"],"duration":4,"failing":false,"failureDetails":[],"failureMessages":[],"fullName":"checkoutService createOrderFromPayload UC-CHKSER-12: payload rỗng → throw error","invocations":1,"location":null,"numPassingAsserts":1,"retryReasons":[],"startAt":1776611108122,"status":"passed","title":"UC-CHKSER-12: payload rỗng → throw error"},{"ancestorTitles":["checkoutService","createOrderFromPayload"],"duration":2,"failing":false,"failureDetails":[],"failureMessages":[],"fullName":"checkoutService createOrderFromPayload UC-CHKSER-13: không đủ hàng payload → throw error","invocations":1,"location":null,"numPassingAsserts":1,"retryReasons":[],"startAt":1776611108126,"status":"passed","title":"UC-CHKSER-13: không đủ hàng payload → throw error"},{"ancestorTitles":["checkoutService","createOrderFromPayload"],"duration":0,"failing":false,"failureDetails":[],"failureMessages":[],"fullName":"checkoutService createOrderFromPayload UC-CHKSER-14: thành công","invocations":1,"location":null,"numPassingAsserts":3,"retryReasons":[],"startAt":1776611108128,"status":"passed","title":"UC-CHKSER-14: thành công"}],"endTime":1776611108131,"message":"","name":"D:\\UTH\\Nam3-Ki2\\Kiem-chung-phan-mem\\Report Test\\Project-test\\Kiem-chung-phan-mem-new-ver2\\tests\\unit\\client-checkout.service.test.js","startTime":1776611106571,"status":"passed","summary":""},{"assertionResults":[{"ancestorTitles":["registerController.renderRegister"],"duration":4,"failing":false,"failureDetails":[],"failureMessages":[],"fullName":"registerController.renderRegister UC-REGCTRL-01: render register page với data mặc định","invocations":1,"location":null,"numPassingAsserts":1,"retryReasons":[],"startAt":1776611108189,"status":"passed","title":"UC-REGCTRL-01: render register page với data mặc định"}],"endTime":1776611108194,"message":"","name":"D:\\UTH\\Nam3-Ki2\\Kiem-chung-phan-mem\\Report Test\\Project-test\\Kiem-chung-phan-mem-new-ver2\\tests\\unit\\client-register.controller.test.js","startTime":1776611106577,"status":"passed","summary":""},{"assertionResults":[{"ancestorTitles":["clientProductService.getList"],"duration":26,"failing":false,"failureDetails":[],"failureMessages":[],"fullName":"clientProductService.getList UC-CPRODSER-01: trả về danh sách sản phẩm active, không deleted","invocations":1,"location":null,"numPassingAsserts":2,"retryReasons":[],"startAt":1776611108206,"status":"passed","title":"UC-CPRODSER-01: trả về danh sách sản phẩm active, không deleted"},{"ancestorTitles":["clientProductService.getList"],"duration":1,"failing":false,"failureDetails":[],"failureMessages":[],"fullName":"clientProductService.getList UC-CPRODSER-02: sản phẩm có discountPercentage=10 → tính giá mới đúng","invocations":1,"location":null,"numPassingAsserts":2,"retryReasons":[],"startAt":1776611108232,"status":"passed","title":"UC-CPRODSER-02: sản phẩm có discountPercentage=10 → tính giá mới đúng"},{"ancestorTitles":["clientProductService.getList"],"duration":1,"failing":false,"failureDetails":[],"failureMessages":[],"fullName":"clientProductService.getList UC-CPRODSER-03: sản phẩm không có discountPercentage → giá mới = giá gốc","invocations":1,"location":null,"numPassingAsserts":1,"retryReasons":[],"startAt":1776611108233,"status":"passed","title":"UC-CPRODSER-03: sản phẩm không có discountPercentage → giá mới = giá gốc"},{"ancestorTitles":["clientProductService.getList"],"duration":1,"failing":false,"failureDetails":[],"failureMessages":[],"fullName":"clientProductService.getList UC-CPRODSER-04: sản phẩm có description HTML → shortDescription được strip HTML","invocations":1,"location":null,"numPassingAsserts":2,"retryReasons":[],"startAt":1776611108234,"status":"passed","title":"UC-CPRODSER-04: sản phẩm có description HTML → shortDescription được strip HTML"},{"ancestorTitles":["clientProductService.getList"],"duration":1,"failing":false,"failureDetails":[],"failureMessages":[],"fullName":"clientProductService.getList UC-CPRODSER-05: database trống → trả về mảng rỗng","invocations":1,"location":null,"numPassingAsserts":1,"retryReasons":[],"startAt":1776611108235,"status":"passed","title":"UC-CPRODSER-05: database trống → trả về mảng rỗng"},{"ancestorTitles":["clientProductService.getList"],"duration":0,"failing":false,"failureDetails":[],"failureMessages":[],"fullName":"clientProductService.getList UC-CPRODSER-06: description dài hơn 260 ký tự → shortDescription bị cắt 260","invocations":1,"location":null,"numPassingAsserts":1,"retryReasons":[],"startAt":1776611108236,"status":"passed","title":"UC-CPRODSER-06: description dài hơn 260 ký tự → shortDescription bị cắt 260"},{"ancestorTitles":["clientProductService.getProductsForHome"],"duration":1,"failing":false,"failureDetails":[],"failureMessages":[],"fullName":"clientProductService.getProductsForHome UC-CPRODSER-07: limit=3 → trả về tối đa 3 sản phẩm","invocations":1,"location":null,"numPassingAsserts":1,"retryReasons":[],"startAt":1776611108236,"status":"passed","title":"UC-CPRODSER-07: limit=3 → trả về tối đa 3 sản phẩm"},{"ancestorTitles":["clientProductService.getProductsForHome"],"duration":0,"failing":false,"failureDetails":[],"failureMessages":[],"fullName":"clientProductService.getProductsForHome UC-CPRODSER-08: limit mặc định 10 → trả về tối đa 10 sản phẩm","invocations":1,"location":null,"numPassingAsserts":1,"retryReasons":[],"startAt":1776611108237,"status":"passed","title":"UC-CPRODSER-08: limit mặc định 10 → trả về tối đa 10 sản phẩm"},{"ancestorTitles":["clientProductService.getProductsForHome"],"duration":1,"failing":false,"failureDetails":[],"failureMessages":[],"fullName":"clientProductService.getProductsForHome UC-CPRODSER-09: có ít hơn limit → trả về tất cả","invocations":1,"location":null,"numPassingAsserts":1,"retryReasons":[],"startAt":1776611108237,"status":"passed","title":"UC-CPRODSER-09: có ít hơn limit → trả về tất cả"},{"ancestorTitles":["clientProductService.detail"],"duration":1,"failing":false,"failureDetails":[],"failureMessages":[],"fullName":"clientProductService.detail UC-CPRODSER-10: slug hợp lệ, product tồn tại → trả về product đã format","invocations":1,"location":null,"numPassingAsserts":4,"retryReasons":[],"startAt":1776611108238,"status":"passed","title":"UC-CPRODSER-10: slug hợp lệ, product tồn tại → trả về product đã format"},{"ancestorTitles":["clientProductService.detail"],"duration":0,"failing":false,"failureDetails":[],"failureMessages":[],"fullName":"clientProductService.detail UC-CPRODSER-11: slug không tồn tại → trả về null","invocations":1,"location":null,"numPassingAsserts":1,"retryReasons":[],"startAt":1776611108239,"status":"passed","title":"UC-CPRODSER-11: slug không tồn tại → trả về null"},{"ancestorTitles":["clientProductService.detail"],"duration":0,"failing":false,"failureDetails":[],"failureMessages":[],"fullName":"clientProductService.detail UC-CPRODSER-12: query với đúng điều kiện (deleted=false, status=active)","invocations":1,"location":null,"numPassingAsserts":1,"retryReasons":[],"startAt":1776611108239,"status":"passed","title":"UC-CPRODSER-12: query với đúng điều kiện (deleted=false, status=active)"},{"ancestorTitles":["clientProductService.detail"],"duration":0,"failing":false,"failureDetails":[],"failureMessages":[],"fullName":"clientProductService.detail UC-CPRODSER-13: product không có discountPercentage → giá không đổi","invocations":1,"location":null,"numPassingAsserts":1,"retryReasons":[],"startAt":1776611108240,"status":"passed","title":"UC-CPRODSER-13: product không có discountPercentage → giá không đổi"},{"ancestorTitles":["clientProductService.getListByCategorySlug"],"duration":1,"failing":false,"failureDetails":[],"failureMessages":[],"fullName":"clientProductService.getListByCategorySlug UC-CPRODSER-14: category không tồn tại → trả về mảng rỗng","invocations":1,"location":null,"numPassingAsserts":1,"retryReasons":[],"startAt":1776611108240,"status":"passed","title":"UC-CPRODSER-14: category không tồn tại → trả về mảng rỗng"},{"ancestorTitles":["clientProductService.getListByCategorySlug"],"duration":1,"failing":false,"failureDetails":[],"failureMessages":[],"fullName":"clientProductService.getListByCategorySlug UC-CPRODSER-15: category cha (không có parent_category) → lấy sản phẩm của cả con","invocations":1,"location":null,"numPassingAsserts":2,"retryReasons":[],"startAt":1776611108241,"status":"passed","title":"UC-CPRODSER-15: category cha (không có parent_category) → lấy sản phẩm của cả con"},{"ancestorTitles":["clientProductService.getListByCategorySlug"],"duration":0,"failing":false,"failureDetails":[],"failureMessages":[],"fullName":"clientProductService.getListByCategorySlug UC-CPRODSER-16: category con (có parent_category) → chỉ lấy sản phẩm của nó","invocations":1,"location":null,"numPassingAsserts":2,"retryReasons":[],"startAt":1776611108242,"status":"passed","title":"UC-CPRODSER-16: category con (có parent_category) → chỉ lấy sản phẩm của nó"},{"ancestorTitles":["clientProductService.getListByCategorySlug"],"duration":1,"failing":false,"failureDetails":[],"failureMessages":[],"fullName":"clientProductService.getListByCategorySlug UC-CPRODSER-17: category hợp lệ → sản phẩm được format giá","invocations":1,"location":null,"numPassingAsserts":1,"retryReasons":[],"startAt":1776611108242,"status":"passed","title":"UC-CPRODSER-17: category hợp lệ → sản phẩm được format giá"}],"endTime":1776611108244,"message":"","name":"D:\\UTH\\Nam3-Ki2\\Kiem-chung-phan-mem\\Report Test\\Project-test\\Kiem-chung-phan-mem-new-ver2\\tests\\unit\\client-product.service.test.js","startTime":1776611106588,"status":"passed","summary":""},{"assertionResults":[{"ancestorTitles":["categoryController.index"],"duration":6,"failing":false,"failureDetails":[],"failureMessages":[],"fullName":"categoryController.index UC-CATCTRL-01: service trả về data → respond 200 với success","invocations":1,"location":null,"numPassingAsserts":1,"retryReasons":[],"startAt":1776611108236,"status":"passed","title":"UC-CATCTRL-01: service trả về data → respond 200 với success"},{"ancestorTitles":["categoryController.index"],"duration":1,"failing":false,"failureDetails":[],"failureMessages":[],"fullName":"categoryController.index UC-CATCTRL-02: có keyword nhưng không tìm thấy category → redirect","invocations":1,"location":null,"numPassingAsserts":1,"retryReasons":[],"startAt":1776611108242,"status":"passed","title":"UC-CATCTRL-02: có keyword nhưng không tìm thấy category → redirect"},{"ancestorTitles":["categoryController.index"],"duration":1,"failing":false,"failureDetails":[],"failureMessages":[],"fullName":"categoryController.index UC-CATCTRL-03: service throw lỗi → respond với status lỗi","invocations":1,"location":null,"numPassingAsserts":1,"retryReasons":[],"startAt":1776611108243,"status":"passed","title":"UC-CATCTRL-03: service throw lỗi → respond với status lỗi"},{"ancestorTitles":["categoryController.changeStatus"],"duration":1,"failing":false,"failureDetails":[],"failureMessages":[],"fullName":"categoryController.changeStatus UC-CATCTRL-04: service thành công → respond 200","invocations":1,"location":null,"numPassingAsserts":2,"retryReasons":[],"startAt":1776611108244,"status":"passed","title":"UC-CATCTRL-04: service thành công → respond 200"},{"ancestorTitles":["categoryController.changeStatus"],"duration":1,"failing":false,"failureDetails":[],"failureMessages":[],"fullName":"categoryController.changeStatus UC-CATCTRL-05: service throw 404 → respond với status 404","invocations":1,"location":null,"numPassingAsserts":1,"retryReasons":[],"startAt":1776611108245,"status":"passed","title":"UC-CATCTRL-05: service throw 404 → respond với status 404"},{"ancestorTitles":["categoryController.changeStatus"],"duration":0,"failing":false,"failureDetails":[],"failureMessages":[],"fullName":"categoryController.changeStatus UC-CATCTRL-06: service throw lỗi không có status → dùng 400 mặc định","invocations":1,"location":null,"numPassingAsserts":1,"retryReasons":[],"startAt":1776611108246,"status":"passed","title":"UC-CATCTRL-06: service throw lỗi không có status → dùng 400 mặc định"},{"ancestorTitles":["categoryController.changeMulti"],"duration":0,"failing":false,"failureDetails":[],"failureMessages":[],"fullName":"categoryController.changeMulti UC-CATCTRL-07: service thành công → respond 200","invocations":1,"location":null,"numPassingAsserts":2,"retryReasons":[],"startAt":1776611108247,"status":"passed","title":"UC-CATCTRL-07: service thành công → respond 200"},{"ancestorTitles":["categoryController.changeMulti"],"duration":0,"failing":false,"failureDetails":[],"failureMessages":[],"fullName":"categoryController.changeMulti UC-CATCTRL-08: service throw CATEGORY_HAS_PRODUCTS → flash error + respond lỗi","invocations":1,"location":null,"numPassingAsserts":2,"retryReasons":[],"startAt":1776611108248,"status":"passed","title":"UC-CATCTRL-08: service throw CATEGORY_HAS_PRODUCTS → flash error + respond lỗi"},{"ancestorTitles":["categoryController.changeMulti"],"duration":0,"failing":false,"failureDetails":[],"failureMessages":[],"fullName":"categoryController.changeMulti UC-CATCTRL-09: service throw 404 → respond 404","invocations":1,"location":null,"numPassingAsserts":1,"retryReasons":[],"startAt":1776611108249,"status":"passed","title":"UC-CATCTRL-09: service throw 404 → respond 404"},{"ancestorTitles":["categoryController.deleteCategory"],"duration":1,"failing":false,"failureDetails":[],"failureMessages":[],"fullName":"categoryController.deleteCategory UC-CATCTRL-10: service thành công → respond 200","invocations":1,"location":null,"numPassingAsserts":2,"retryReasons":[],"startAt":1776611108249,"status":"passed","title":"UC-CATCTRL-10: service thành công → respond 200"},{"ancestorTitles":["categoryController.deleteCategory"],"duration":1,"failing":false,"failureDetails":[],"failureMessages":[],"fullName":"categoryController.deleteCategory UC-CATCTRL-11: service throw 404 → respond 404","invocations":1,"location":null,"numPassingAsserts":1,"retryReasons":[],"startAt":1776611108250,"status":"passed","title":"UC-CATCTRL-11: service throw 404 → respond 404"},{"ancestorTitles":["categoryController.deleteCategory"],"duration":0,"failing":false,"failureDetails":[],"failureMessages":[],"fullName":"categoryController.deleteCategory UC-CATCTRL-12: service throw CATEGORY_HAS_PRODUCTS → flash error đặc biệt","invocations":1,"location":null,"numPassingAsserts":1,"retryReasons":[],"startAt":1776611108251,"status":"passed","title":"UC-CATCTRL-12: service throw CATEGORY_HAS_PRODUCTS → flash error đặc biệt"},{"ancestorTitles":["categoryController.createCategory"],"duration":1,"failing":false,"failureDetails":[],"failureMessages":[],"fullName":"categoryController.createCategory UC-CATCTRL-13: service thành công → flash success + respond 200","invocations":1,"location":null,"numPassingAsserts":2,"retryReasons":[],"startAt":1776611108251,"status":"passed","title":"UC-CATCTRL-13: service thành công → flash success + respond 200"},{"ancestorTitles":["categoryController.createCategory"],"duration":5,"failing":false,"failureDetails":[],"failureMessages":[],"fullName":"categoryController.createCategory UC-CATCTRL-14: service throw lỗi → flash error + respond 400","invocations":1,"location":null,"numPassingAsserts":2,"retryReasons":[],"startAt":1776611108252,"status":"passed","title":"UC-CATCTRL-14: service throw lỗi → flash error + respond 400"},{"ancestorTitles":["categoryController.editCategory"],"duration":1,"failing":false,"failureDetails":[],"failureMessages":[],"fullName":"categoryController.editCategory UC-CATCTRL-15: service thành công → flash success + respond 200","invocations":1,"location":null,"numPassingAsserts":2,"retryReasons":[],"startAt":1776611108257,"status":"passed","title":"UC-CATCTRL-15: service thành công → flash success + respond 200"},{"ancestorTitles":["categoryController.editCategory"],"duration":1,"failing":false,"failureDetails":[],"failureMessages":[],"fullName":"categoryController.editCategory UC-CATCTRL-16: service throw 404 → respond với status 404","invocations":1,"location":null,"numPassingAsserts":1,"retryReasons":[],"startAt":1776611108258,"status":"passed","title":"UC-CATCTRL-16: service throw 404 → respond với status 404"}],"endTime":1776611108260,"message":"","name":"D:\\UTH\\Nam3-Ki2\\Kiem-chung-phan-mem\\Report Test\\Project-test\\Kiem-chung-phan-mem-new-ver2\\tests\\unit\\category.controller.test.js","startTime":1776611106581,"status":"passed","summary":""},{"assertionResults":[{"ancestorTitles":["productController.index"],"duration":5,"failing":false,"failureDetails":[],"failureMessages":[],"fullName":"productController.index UC-PRODCTRL-01: service trả về data → respond 200","invocations":1,"location":null,"numPassingAsserts":1,"retryReasons":[],"startAt":1776611108234,"status":"passed","title":"UC-PRODCTRL-01: service trả về data → respond 200"},{"ancestorTitles":["productController.index"],"duration":1,"failing":false,"failureDetails":[],"failureMessages":[],"fullName":"productController.index UC-PRODCTRL-02: có keyword nhưng không tìm thấy sản phẩm → redirect","invocations":1,"location":null,"numPassingAsserts":1,"retryReasons":[],"startAt":1776611108240,"status":"passed","title":"UC-PRODCTRL-02: có keyword nhưng không tìm thấy sản phẩm → redirect"},{"ancestorTitles":["productController.index"],"duration":0,"failing":false,"failureDetails":[],"failureMessages":[],"fullName":"productController.index UC-PRODCTRL-03: service throw lỗi → respond 400","invocations":1,"location":null,"numPassingAsserts":1,"retryReasons":[],"startAt":1776611108241,"status":"passed","title":"UC-PRODCTRL-03: service throw lỗi → respond 400"},{"ancestorTitles":["productController.changeStatus"],"duration":0,"failing":false,"failureDetails":[],"failureMessages":[],"fullName":"productController.changeStatus UC-PRODCTRL-04: service thành công → respond 200","invocations":1,"location":null,"numPassingAsserts":2,"retryReasons":[],"startAt":1776611108242,"status":"passed","title":"UC-PRODCTRL-04: service thành công → respond 200"},{"ancestorTitles":["productController.changeStatus"],"duration":1,"failing":false,"failureDetails":[],"failureMessages":[],"fullName":"productController.changeStatus UC-PRODCTRL-05: service throw lỗi → respond 400","invocations":1,"location":null,"numPassingAsserts":1,"retryReasons":[],"startAt":1776611108242,"status":"passed","title":"UC-PRODCTRL-05: service throw lỗi → respond 400"},{"ancestorTitles":["productController.changeMulti"],"duration":1,"failing":false,"failureDetails":[],"failureMessages":[],"fullName":"productController.changeMulti UC-PRODCTRL-06: ids hợp lệ → gọi service và respond 200","invocations":1,"location":null,"numPassingAsserts":2,"retryReasons":[],"startAt":1776611108243,"status":"passed","title":"UC-PRODCTRL-06: ids hợp lệ → gọi service và respond 200"},{"ancestorTitles":["productController.changeMulti"],"duration":1,"failing":false,"failureDetails":[],"failureMessages":[],"fullName":"productController.changeMulti UC-PRODCTRL-07: ids rỗng → respond 400 mà không gọi service","invocations":1,"location":null,"numPassingAsserts":2,"retryReasons":[],"startAt":1776611108244,"status":"passed","title":"UC-PRODCTRL-07: ids rỗng → respond 400 mà không gọi service"},{"ancestorTitles":["productController.changeMulti"],"duration":0,"failing":false,"failureDetails":[],"failureMessages":[],"fullName":"productController.changeMulti UC-PRODCTRL-08: service throw NOT_FOUND → respond 404","invocations":1,"location":null,"numPassingAsserts":1,"retryReasons":[],"startAt":1776611108245,"status":"passed","title":"UC-PRODCTRL-08: service throw NOT_FOUND → respond 404"},{"ancestorTitles":["productController.changeMulti"],"duration":1,"failing":false,"failureDetails":[],"failureMessages":[],"fullName":"productController.changeMulti UC-PRODCTRL-09: ids là string → split và truyền đúng cho service","invocations":1,"location":null,"numPassingAsserts":1,"retryReasons":[],"startAt":1776611108245,"status":"passed","title":"UC-PRODCTRL-09: ids là string → split và truyền đúng cho service"},{"ancestorTitles":["productController.deleteProduct"],"duration":1,"failing":false,"failureDetails":[],"failureMessages":[],"fullName":"productController.deleteProduct UC-PRODCTRL-10: service thành công → respond 200","invocations":1,"location":null,"numPassingAsserts":2,"retryReasons":[],"startAt":1776611108246,"status":"passed","title":"UC-PRODCTRL-10: service thành công → respond 200"},{"ancestorTitles":["productController.deleteProduct"],"duration":1,"failing":false,"failureDetails":[],"failureMessages":[],"fullName":"productController.deleteProduct UC-PRODCTRL-11: service throw NOT_FOUND → respond 404","invocations":1,"location":null,"numPassingAsserts":1,"retryReasons":[],"startAt":1776611108247,"status":"passed","title":"UC-PRODCTRL-11: service throw NOT_FOUND → respond 404"},{"ancestorTitles":["productController.deleteProduct"],"duration":1,"failing":false,"failureDetails":[],"failureMessages":[],"fullName":"productController.deleteProduct UC-PRODCTRL-12: service throw lỗi không có status → dùng 400 mặc định","invocations":1,"location":null,"numPassingAsserts":1,"retryReasons":[],"startAt":1776611108248,"status":"passed","title":"UC-PRODCTRL-12: service throw lỗi không có status → dùng 400 mặc định"},{"ancestorTitles":["productController.createProduct"],"duration":7,"failing":false,"failureDetails":[],"failureMessages":[],"fullName":"productController.createProduct UC-PRODCTRL-13: service thành công → flash success + respond 200","invocations":1,"location":null,"numPassingAsserts":2,"retryReasons":[],"startAt":1776611108249,"status":"passed","title":"UC-PRODCTRL-13: service thành công → flash success + respond 200"},{"ancestorTitles":["productController.createProduct"],"duration":2,"failing":false,"failureDetails":[],"failureMessages":[],"fullName":"productController.createProduct UC-PRODCTRL-14: service throw TITLE_EXISTS → flash error tên tồn tại + respond 400","invocations":1,"location":null,"numPassingAsserts":2,"retryReasons":[],"startAt":1776611108256,"status":"passed","title":"UC-PRODCTRL-14: service throw TITLE_EXISTS → flash error tên tồn tại + respond 400"},{"ancestorTitles":["productController.createProduct"],"duration":2,"failing":false,"failureDetails":[],"failureMessages":[],"fullName":"productController.createProduct UC-PRODCTRL-15: service throw lỗi chung → flash error + respond 400","invocations":1,"location":null,"numPassingAsserts":2,"retryReasons":[],"startAt":1776611108258,"status":"passed","title":"UC-PRODCTRL-15: service throw lỗi chung → flash error + respond 400"},{"ancestorTitles":["productController.editProduct"],"duration":1,"failing":false,"failureDetails":[],"failureMessages":[],"fullName":"productController.editProduct UC-PRODCTRL-16: service trả về true (tìm thấy) → flash success + respond 200","invocations":1,"location":null,"numPassingAsserts":2,"retryReasons":[],"startAt":1776611108260,"status":"passed","title":"UC-PRODCTRL-16: service trả về true (tìm thấy) → flash success + respond 200"},{"ancestorTitles":["productController.editProduct"],"duration":1,"failing":false,"failureDetails":[],"failureMessages":[],"fullName":"productController.editProduct UC-PRODCTRL-17: service trả về false (không tìm thấy) → flash error + respond 404","invocations":1,"location":null,"numPassingAsserts":2,"retryReasons":[],"startAt":1776611108261,"status":"passed","title":"UC-PRODCTRL-17: service trả về false (không tìm thấy) → flash error + respond 404"},{"ancestorTitles":["productController.editProduct"],"duration":2,"failing":false,"failureDetails":[],"failureMessages":[],"fullName":"productController.editProduct UC-PRODCTRL-18: service throw TITLE_EXISTS → flash error tên tồn tại + respond 400","invocations":1,"location":null,"numPassingAsserts":2,"retryReasons":[],"startAt":1776611108262,"status":"passed","title":"UC-PRODCTRL-18: service throw TITLE_EXISTS → flash error tên tồn tại + respond 400"},{"ancestorTitles":["productController.editProduct"],"duration":2,"failing":false,"failureDetails":[],"failureMessages":[],"fullName":"productController.editProduct UC-PRODCTRL-19: service throw lỗi chung → respond 400","invocations":1,"location":null,"numPassingAsserts":1,"retryReasons":[],"startAt":1776611108264,"status":"passed","title":"UC-PRODCTRL-19: service throw lỗi chung → respond 400"},{"ancestorTitles":["productController.detail"],"duration":0,"failing":false,"failureDetails":[],"failureMessages":[],"fullName":"productController.detail UC-PRODCTRL-20: product tồn tại → respond 200 với data","invocations":1,"location":null,"numPassingAsserts":1,"retryReasons":[],"startAt":1776611108266,"status":"passed","title":"UC-PRODCTRL-20: product tồn tại → respond 200 với data"},{"ancestorTitles":["productController.detail"],"duration":0,"failing":false,"failureDetails":[],"failureMessages":[],"fullName":"productController.detail UC-PRODCTRL-21: product không tồn tại → flash error + respond 404","invocations":1,"location":null,"numPassingAsserts":2,"retryReasons":[],"startAt":1776611108267,"status":"passed","title":"UC-PRODCTRL-21: product không tồn tại → flash error + respond 404"},{"ancestorTitles":["productController.detail"],"duration":0,"failing":false,"failureDetails":[],"failureMessages":[],"fullName":"productController.detail UC-PRODCTRL-22: service throw lỗi → respond với status lỗi","invocations":1,"location":null,"numPassingAsserts":1,"retryReasons":[],"startAt":1776611108267,"status":"passed","title":"UC-PRODCTRL-22: service throw lỗi → respond với status lỗi"}],"endTime":1776611108269,"message":"","name":"D:\\UTH\\Nam3-Ki2\\Kiem-chung-phan-mem\\Report Test\\Project-test\\Kiem-chung-phan-mem-new-ver2\\tests\\unit\\product.controller.test.js","startTime":1776611106557,"status":"passed","summary":""},{"assertionResults":[{"ancestorTitles":["profileController.index (GET /profile)"],"duration":4,"failing":false,"failureDetails":[],"failureMessages":[],"fullName":"profileController.index (GET /profile) UC-PROFCTRL-01: chưa login, API request → json 400","invocations":1,"location":null,"numPassingAsserts":2,"retryReasons":[],"startAt":1776611108251,"status":"passed","title":"UC-PROFCTRL-01: chưa login, API request → json 400"},{"ancestorTitles":["profileController.index (GET /profile)"],"duration":1,"failing":false,"failureDetails":[],"failureMessages":[],"fullName":"profileController.index (GET /profile) UC-PROFCTRL-02: chưa login, HTML → redirect /login","invocations":1,"location":null,"numPassingAsserts":1,"retryReasons":[],"startAt":1776611108255,"status":"passed","title":"UC-PROFCTRL-02: chưa login, HTML → redirect /login"},{"ancestorTitles":["profileController.index (GET /profile)"],"duration":0,"failing":false,"failureDetails":[],"failureMessages":[],"fullName":"profileController.index (GET /profile) UC-PROFCTRL-03: đã login, API → json user info","invocations":1,"location":null,"numPassingAsserts":1,"retryReasons":[],"startAt":1776611108256,"status":"passed","title":"UC-PROFCTRL-03: đã login, API → json user info"},{"ancestorTitles":["profileController.index (GET /profile)"],"duration":5,"failing":false,"failureDetails":[{}],"failureMessages":["Error: expect(received).toHaveBeenCalledWith(...expected)\n\nMatcher error: received value must be a mock or spy function\n\nReceived has value: undefined\n    at Object.toHaveBeenCalledWith (D:\\UTH\\Nam3-Ki2\\Kiem-chung-phan-mem\\Report Test\\Project-test\\Kiem-chung-phan-mem-new-ver2\\tests\\unit\\client-profile.controller.test.js:80:28)\n    at processTicksAndRejections (node:internal/process/task_queues:104:5)"],"fullName":"profileController.index (GET /profile) UC-PROFCTRL-04: đã login, HTML → render profile page","invocations":1,"location":null,"numPassingAsserts":0,"retryReasons":[],"startAt":1776611108256,"status":"failed","title":"UC-PROFCTRL-04: đã login, HTML → render profile page"},{"ancestorTitles":["profileController.updateProfile (POST /profile)"],"duration":1,"failing":false,"failureDetails":[],"failureMessages":[],"fullName":"profileController.updateProfile (POST /profile) UC-PROFCTRL-05: validation error → json 400","invocations":1,"location":null,"numPassingAsserts":2,"retryReasons":[],"startAt":1776611108261,"status":"passed","title":"UC-PROFCTRL-05: validation error → json 400"},{"ancestorTitles":["profileController.updateProfile (POST /profile)"],"duration":0,"failing":false,"failureDetails":[],"failureMessages":[],"fullName":"profileController.updateProfile (POST /profile) UC-PROFCTRL-06: chưa login → json 401","invocations":1,"location":null,"numPassingAsserts":2,"retryReasons":[],"startAt":1776611108263,"status":"passed","title":"UC-PROFCTRL-06: chưa login → json 401"},{"ancestorTitles":["profileController.updateProfile (POST /profile)"],"duration":2,"failing":false,"failureDetails":[],"failureMessages":[],"fullName":"profileController.updateProfile (POST /profile) UC-PROFCTRL-07: success flow → prepareUpdateData → updateUserInDatabase → update session → json success","invocations":1,"location":null,"numPassingAsserts":4,"retryReasons":[],"startAt":1776611108263,"status":"passed","title":"UC-PROFCTRL-07: success flow → prepareUpdateData → updateUserInDatabase → update session → json success"},{"ancestorTitles":["profileController.updateProfile (POST /profile)"],"duration":1,"failing":false,"failureDetails":[],"failureMessages":[],"fullName":"profileController.updateProfile (POST /profile) UC-PROFCTRL-08: service error → json 500","invocations":1,"location":null,"numPassingAsserts":2,"retryReasons":[],"startAt":1776611108265,"status":"passed","title":"UC-PROFCTRL-08: service error → json 500"}],"endTime":1776611108283,"message":"  ● profileController.index (GET /profile) › UC-PROFCTRL-04: đã login, HTML → render profile page\n\n    expect(received).toHaveBeenCalledWith(...expected)\n\n    Matcher error: received value must be a mock or spy function\n\n    Received has value: undefined\n\n    \u001b[0m \u001b[90m 78 |\u001b[39m         \u001b[36mawait\u001b[39m profileController\u001b[33m.\u001b[39mindex(req\u001b[33m,\u001b[39m res)\u001b[33m;\u001b[39m\n     \u001b[90m 79 |\u001b[39m\n    \u001b[31m\u001b[1m>\u001b[22m\u001b[39m\u001b[90m 80 |\u001b[39m         expect(res\u001b[33m.\u001b[39mrender)\u001b[33m.\u001b[39mtoHaveBeenCalledWith(\u001b[32m'client/pages/profile/index'\u001b[39m\u001b[33m,\u001b[39m expect\u001b[33m.\u001b[39mobjectContaining({ user }))\u001b[33m;\u001b[39m\n     \u001b[90m    |\u001b[39m                            \u001b[31m\u001b[1m^\u001b[22m\u001b[39m\n     \u001b[90m 81 |\u001b[39m     })\u001b[33m;\u001b[39m\n     \u001b[90m 82 |\u001b[39m })\u001b[33m;\u001b[39m\n     \u001b[90m 83 |\u001b[39m\u001b[0m\n\n      at Object.toHaveBeenCalledWith (tests/unit/client-profile.controller.test.js:80:28)\n","name":"D:\\UTH\\Nam3-Ki2\\Kiem-chung-phan-mem\\Report Test\\Project-test\\Kiem-chung-phan-mem-new-ver2\\tests\\unit\\client-profile.controller.test.js","startTime":1776611106583,"status":"failed","summary":""},{"assertionResults":[{"ancestorTitles":["clientProductController.index (GET /products)"],"duration":3,"failing":false,"failureDetails":[],"failureMessages":[],"fullName":"clientProductController.index (GET /products) UC-CPRODCTRL-01: không có query → trả về danh sách sản phẩm + respond 200","invocations":1,"location":null,"numPassingAsserts":1,"retryReasons":[],"startAt":1776611108352,"status":"passed","title":"UC-CPRODCTRL-01: không có query → trả về danh sách sản phẩm + respond 200"},{"ancestorTitles":["clientProductController.index (GET /products)"],"duration":0,"failing":false,"failureDetails":[],"failureMessages":[],"fullName":"clientProductController.index (GET /products) UC-CPRODCTRL-02: page=0 → respond 400 (page không hợp lệ)","invocations":1,"location":null,"numPassingAsserts":1,"retryReasons":[],"startAt":1776611108356,"status":"passed","title":"UC-CPRODCTRL-02: page=0 → respond 400 (page không hợp lệ)"},{"ancestorTitles":["clientProductController.index (GET /products)"],"duration":1,"failing":false,"failureDetails":[],"failureMessages":[],"fullName":"clientProductController.index (GET /products) UC-CPRODCTRL-03: page=-1 → respond 400","invocations":1,"location":null,"numPassingAsserts":1,"retryReasons":[],"startAt":1776611108356,"status":"passed","title":"UC-CPRODCTRL-03: page=-1 → respond 400"},{"ancestorTitles":["clientProductController.index (GET /products)"],"duration":0,"failing":false,"failureDetails":[],"failureMessages":[],"fullName":"clientProductController.index (GET /products) UC-CPRODCTRL-04: page=1 → respond 200","invocations":1,"location":null,"numPassingAsserts":1,"retryReasons":[],"startAt":1776611108357,"status":"passed","title":"UC-CPRODCTRL-04: page=1 → respond 200"},{"ancestorTitles":["clientProductController.index (GET /products)"],"duration":1,"failing":false,"failureDetails":[],"failureMessages":[],"fullName":"clientProductController.index (GET /products) UC-CPRODCTRL-05: page rất lớn → clamp về totalPages, respond 200 với list rỗng","invocations":1,"location":null,"numPassingAsserts":1,"retryReasons":[],"startAt":1776611108357,"status":"passed","title":"UC-CPRODCTRL-05: page rất lớn → clamp về totalPages, respond 200 với list rỗng"},{"ancestorTitles":["clientProductController.index (GET /products)"],"duration":0,"failing":false,"failureDetails":[],"failureMessages":[],"fullName":"clientProductController.index (GET /products) UC-CPRODCTRL-06: có keyword → lọc sản phẩm theo keyword (không phân biệt dấu)","invocations":1,"location":null,"numPassingAsserts":1,"retryReasons":[],"startAt":1776611108358,"status":"passed","title":"UC-CPRODCTRL-06: có keyword → lọc sản phẩm theo keyword (không phân biệt dấu)"},{"ancestorTitles":["clientProductController.index (GET /products)"],"duration":0,"failing":false,"failureDetails":[],"failureMessages":[],"fullName":"clientProductController.index (GET /products) UC-CPRODCTRL-07: có category slug → gọi getListByCategorySlug","invocations":1,"location":null,"numPassingAsserts":1,"retryReasons":[],"startAt":1776611108358,"status":"passed","title":"UC-CPRODCTRL-07: có category slug → gọi getListByCategorySlug"},{"ancestorTitles":["clientProductController.index (GET /products)"],"duration":22,"failing":false,"failureDetails":[],"failureMessages":[],"fullName":"clientProductController.index (GET /products) UC-CPRODCTRL-08: service throw lỗi → respond 500","invocations":1,"location":null,"numPassingAsserts":2,"retryReasons":[],"startAt":1776611108359,"status":"passed","title":"UC-CPRODCTRL-08: service throw lỗi → respond 500"},{"ancestorTitles":["clientProductController.detail (GET /detail/:slug)"],"duration":1,"failing":false,"failureDetails":[],"failureMessages":[],"fullName":"clientProductController.detail (GET /detail/:slug) UC-CPRODCTRL-09: slug hợp lệ, product tồn tại → respond 200","invocations":1,"location":null,"numPassingAsserts":1,"retryReasons":[],"startAt":1776611108381,"status":"passed","title":"UC-CPRODCTRL-09: slug hợp lệ, product tồn tại → respond 200"},{"ancestorTitles":["clientProductController.detail (GET /detail/:slug)"],"duration":0,"failing":false,"failureDetails":[],"failureMessages":[],"fullName":"clientProductController.detail (GET /detail/:slug) UC-CPRODCTRL-10: slug không tồn tại → respond 404","invocations":1,"location":null,"numPassingAsserts":1,"retryReasons":[],"startAt":1776611108382,"status":"passed","title":"UC-CPRODCTRL-10: slug không tồn tại → respond 404"},{"ancestorTitles":["clientProductController.detail (GET /detail/:slug)"],"duration":0,"failing":false,"failureDetails":[],"failureMessages":[],"fullName":"clientProductController.detail (GET /detail/:slug) UC-CPRODCTRL-11: user chưa đăng nhập → canReview=false, hasReviewed=false","invocations":1,"location":null,"numPassingAsserts":1,"retryReasons":[],"startAt":1776611108382,"status":"passed","title":"UC-CPRODCTRL-11: user chưa đăng nhập → canReview=false, hasReviewed=false"},{"ancestorTitles":["clientProductController.detail (GET /detail/:slug)"],"duration":1,"failing":false,"failureDetails":[],"failureMessages":[],"fullName":"clientProductController.detail (GET /detail/:slug) UC-CPRODCTRL-12: user đã đăng nhập, chưa mua → canReview=false","invocations":1,"location":null,"numPassingAsserts":1,"retryReasons":[],"startAt":1776611108382,"status":"passed","title":"UC-CPRODCTRL-12: user đã đăng nhập, chưa mua → canReview=false"},{"ancestorTitles":["clientProductController.detail (GET /detail/:slug)"],"duration":0,"failing":false,"failureDetails":[],"failureMessages":[],"fullName":"clientProductController.detail (GET /detail/:slug) UC-CPRODCTRL-13: user đã mua và chưa review → canReview=true","invocations":1,"location":null,"numPassingAsserts":1,"retryReasons":[],"startAt":1776611108383,"status":"passed","title":"UC-CPRODCTRL-13: user đã mua và chưa review → canReview=true"},{"ancestorTitles":["clientProductController.detail (GET /detail/:slug)"],"duration":0,"failing":false,"failureDetails":[],"failureMessages":[],"fullName":"clientProductController.detail (GET /detail/:slug) UC-CPRODCTRL-14: user đã review → hasReviewed=true, canReview=false","invocations":1,"location":null,"numPassingAsserts":1,"retryReasons":[],"startAt":1776611108383,"status":"passed","title":"UC-CPRODCTRL-14: user đã review → hasReviewed=true, canReview=false"},{"ancestorTitles":["clientProductController.detail (GET /detail/:slug)"],"duration":1,"failing":false,"failureDetails":[],"failureMessages":[],"fullName":"clientProductController.detail (GET /detail/:slug) UC-CPRODCTRL-15: có comments với ratings → tính avgRating đúng","invocations":1,"location":null,"numPassingAsserts":1,"retryReasons":[],"startAt":1776611108383,"status":"passed","title":"UC-CPRODCTRL-15: có comments với ratings → tính avgRating đúng"},{"ancestorTitles":["clientProductController.detail (GET /detail/:slug)"],"duration":0,"failing":false,"failureDetails":[],"failureMessages":[],"fullName":"clientProductController.detail (GET /detail/:slug) UC-CPRODCTRL-16: service throw lỗi → respond 500","invocations":1,"location":null,"numPassingAsserts":1,"retryReasons":[],"startAt":1776611108384,"status":"passed","title":"UC-CPRODCTRL-16: service throw lỗi → respond 500"},{"ancestorTitles":["clientProductController.comment (POST /detail/:slug/comment)"],"duration":1,"failing":false,"failureDetails":[],"failureMessages":[],"fullName":"clientProductController.comment (POST /detail/:slug/comment) UC-CPRODCTRL-17: chưa đăng nhập → redirect /login","invocations":1,"location":null,"numPassingAsserts":1,"retryReasons":[],"startAt":1776611108384,"status":"passed","title":"UC-CPRODCTRL-17: chưa đăng nhập → redirect /login"},{"ancestorTitles":["clientProductController.comment (POST /detail/:slug/comment)"],"duration":0,"failing":false,"failureDetails":[],"failureMessages":[],"fullName":"clientProductController.comment (POST /detail/:slug/comment) UC-CPRODCTRL-18: đã đăng nhập, product không tồn tại → respond 404","invocations":1,"location":null,"numPassingAsserts":1,"retryReasons":[],"startAt":1776611108385,"status":"passed","title":"UC-CPRODCTRL-18: đã đăng nhập, product không tồn tại → respond 404"},{"ancestorTitles":["clientProductController.comment (POST /detail/:slug/comment)"],"duration":0,"failing":false,"failureDetails":[],"failureMessages":[],"fullName":"clientProductController.comment (POST /detail/:slug/comment) UC-CPRODCTRL-19: đã review rồi → respond 400 không thể review lại","invocations":1,"location":null,"numPassingAsserts":1,"retryReasons":[],"startAt":1776611108385,"status":"passed","title":"UC-CPRODCTRL-19: đã review rồi → respond 400 không thể review lại"},{"ancestorTitles":["clientProductController.comment (POST /detail/:slug/comment)"],"duration":1,"failing":false,"failureDetails":[],"failureMessages":[],"fullName":"clientProductController.comment (POST /detail/:slug/comment) UC-CPRODCTRL-20: rating = 0 (nhỏ hơn 1) → respond 400","invocations":1,"location":null,"numPassingAsserts":1,"retryReasons":[],"startAt":1776611108385,"status":"passed","title":"UC-CPRODCTRL-20: rating = 0 (nhỏ hơn 1) → respond 400"},{"ancestorTitles":["clientProductController.comment (POST /detail/:slug/comment)"],"duration":0,"failing":false,"failureDetails":[],"failureMessages":[],"fullName":"clientProductController.comment (POST /detail/:slug/comment) UC-CPRODCTRL-21: rating = 6 (lớn hơn 5) → respond 400","invocations":1,"location":null,"numPassingAsserts":1,"retryReasons":[],"startAt":1776611108386,"status":"passed","title":"UC-CPRODCTRL-21: rating = 6 (lớn hơn 5) → respond 400"},{"ancestorTitles":["clientProductController.comment (POST /detail/:slug/comment)"],"duration":0,"failing":false,"failureDetails":[],"failureMessages":[],"fullName":"clientProductController.comment (POST /detail/:slug/comment) UC-CPRODCTRL-22: content rỗng → respond 400","invocations":1,"location":null,"numPassingAsserts":1,"retryReasons":[],"startAt":1776611108386,"status":"passed","title":"UC-CPRODCTRL-22: content rỗng → respond 400"},{"ancestorTitles":["clientProductController.comment (POST /detail/:slug/comment)"],"duration":0,"failing":false,"failureDetails":[],"failureMessages":[],"fullName":"clientProductController.comment (POST /detail/:slug/comment) UC-CPRODCTRL-23: content > 500 ký tự → respond 400","invocations":1,"location":null,"numPassingAsserts":1,"retryReasons":[],"startAt":1776611108386,"status":"passed","title":"UC-CPRODCTRL-23: content > 500 ký tự → respond 400"},{"ancestorTitles":["clientProductController.comment (POST /detail/:slug/comment)"],"duration":1,"failing":false,"failureDetails":[],"failureMessages":[],"fullName":"clientProductController.comment (POST /detail/:slug/comment) UC-CPRODCTRL-24: dữ liệu hợp lệ → tạo comment + flash success + respond 200","invocations":1,"location":null,"numPassingAsserts":3,"retryReasons":[],"startAt":1776611108386,"status":"passed","title":"UC-CPRODCTRL-24: dữ liệu hợp lệ → tạo comment + flash success + respond 200"},{"ancestorTitles":["clientProductController.comment (POST /detail/:slug/comment)"],"duration":0,"failing":false,"failureDetails":[],"failureMessages":[],"fullName":"clientProductController.comment (POST /detail/:slug/comment) UC-CPRODCTRL-25: content đúng 500 ký tự → thành công (biên trên)","invocations":1,"location":null,"numPassingAsserts":2,"retryReasons":[],"startAt":1776611108387,"status":"passed","title":"UC-CPRODCTRL-25: content đúng 500 ký tự → thành công (biên trên)"},{"ancestorTitles":["clientProductController.comment (POST /detail/:slug/comment)"],"duration":1,"failing":false,"failureDetails":[],"failureMessages":[],"fullName":"clientProductController.comment (POST /detail/:slug/comment) UC-CPRODCTRL-26: rating không truyền (undefined) → tạo comment không có rating","invocations":1,"location":null,"numPassingAsserts":2,"retryReasons":[],"startAt":1776611108387,"status":"passed","title":"UC-CPRO
[...]
yService.changeMulti UC-CATSER-15: type không hợp lệ → trả về status error","invocations":1,"location":null,"numPassingAsserts":1,"retryReasons":[],"startAt":1776611108402,"status":"passed","title":"UC-CATSER-15: type không hợp lệ → trả về status error"},{"ancestorTitles":["categoryService.changeMulti"],"duration":0,"failing":false,"failureDetails":[],"failureMessages":[],"fullName":"categoryService.changeMulti UC-CATSER-16: nhiều ids hợp lệ → success","invocations":1,"location":null,"numPassingAsserts":1,"retryReasons":[],"startAt":1776611108403,"status":"passed","title":"UC-CATSER-16: nhiều ids hợp lệ → success"},{"ancestorTitles":["categoryService.deleteCategory"],"duration":0,"failing":false,"failureDetails":[],"failureMessages":[],"fullName":"categoryService.deleteCategory UC-CATSER-17: có sản phẩm thuộc danh mục → throw 400 CATEGORY_HAS_PRODUCTS","invocations":1,"location":null,"numPassingAsserts":2,"retryReasons":[],"startAt":1776611108403,"status":"passed","title":"UC-CATSER-17: có sản phẩm thuộc danh mục → throw 400 CATEGORY_HAS_PRODUCTS"},{"ancestorTitles":["categoryService.deleteCategory"],"duration":0,"failing":false,"failureDetails":[],"failureMessages":[],"fullName":"categoryService.deleteCategory UC-CATSER-18: không có sản phẩm nhưng category không tồn tại → throw 404","invocations":1,"location":null,"numPassingAsserts":1,"retryReasons":[],"startAt":1776611108403,"status":"passed","title":"UC-CATSER-18: không có sản phẩm nhưng category không tồn tại → throw 404"},{"ancestorTitles":["categoryService.deleteCategory"],"duration":0,"failing":false,"failureDetails":[],"failureMessages":[],"fullName":"categoryService.deleteCategory UC-CATSER-19: category tồn tại, không có sản phẩm → xóa mềm thành công","invocations":1,"location":null,"numPassingAsserts":3,"retryReasons":[],"startAt":1776611108404,"status":"passed","title":"UC-CATSER-19: category tồn tại, không có sản phẩm → xóa mềm thành công"},{"ancestorTitles":["categoryService.createCategory"],"duration":4,"failing":false,"failureDetails":[],"failureMessages":[],"fullName":"categoryService.createCategory UC-CATSER-20: title rỗng → throw 400","invocations":1,"location":null,"numPassingAsserts":1,"retryReasons":[],"startAt":1776611108404,"status":"passed","title":"UC-CATSER-20: title rỗng → throw 400"},{"ancestorTitles":["categoryService.createCategory"],"duration":1,"failing":false,"failureDetails":[],"failureMessages":[],"fullName":"categoryService.createCategory UC-CATSER-21: title chỉ có khoảng trắng → throw 400","invocations":1,"location":null,"numPassingAsserts":1,"retryReasons":[],"startAt":1776611108408,"status":"passed","title":"UC-CATSER-21: title chỉ có khoảng trắng → throw 400"},{"ancestorTitles":["categoryService.createCategory"],"duration":1,"failing":false,"failureDetails":[],"failureMessages":[],"fullName":"categoryService.createCategory UC-CATSER-22: title > 255 ký tự → throw 400","invocations":1,"location":null,"numPassingAsserts":1,"retryReasons":[],"startAt":1776611108409,"status":"passed","title":"UC-CATSER-22: title > 255 ký tự → throw 400"},{"ancestorTitles":["categoryService.createCategory"],"duration":1,"failing":false,"failureDetails":[],"failureMessages":[],"fullName":"categoryService.createCategory UC-CATSER-23: title đúng 255 ký tự → không throw lỗi title","invocations":1,"location":null,"numPassingAsserts":2,"retryReasons":[],"startAt":1776611108410,"status":"passed","title":"UC-CATSER-23: title đúng 255 ký tự → không throw lỗi title"},{"ancestorTitles":["categoryService.createCategory"],"duration":1,"failing":false,"failureDetails":[],"failureMessages":[],"fullName":"categoryService.createCategory UC-CATSER-24: không có position → tự assign position = count + 1","invocations":1,"location":null,"numPassingAsserts":1,"retryReasons":[],"startAt":1776611108411,"status":"passed","title":"UC-CATSER-24: không có position → tự assign position = count + 1"},{"ancestorTitles":["categoryService.createCategory"],"duration":0,"failing":false,"failureDetails":[],"failureMessages":[],"fullName":"categoryService.createCategory UC-CATSER-25: có position → parse sang int","invocations":1,"location":null,"numPassingAsserts":1,"retryReasons":[],"startAt":1776611108412,"status":"passed","title":"UC-CATSER-25: có position → parse sang int"},{"ancestorTitles":["categoryService.createCategory"],"duration":1,"failing":false,"failureDetails":[],"failureMessages":[],"fullName":"categoryService.createCategory UC-CATSER-26: có file trong test env → gán thumbnail với test url","invocations":1,"location":null,"numPassingAsserts":1,"retryReasons":[],"startAt":1776611108412,"status":"passed","title":"UC-CATSER-26: có file trong test env → gán thumbnail với test url"},{"ancestorTitles":["categoryService.editCategory"],"duration":1,"failing":false,"failureDetails":[],"failureMessages":[],"fullName":"categoryService.editCategory UC-CATSER-27: category tồn tại → cập nhật thành công","invocations":1,"location":null,"numPassingAsserts":2,"retryReasons":[],"startAt":1776611108413,"status":"passed","title":"UC-CATSER-27: category tồn tại → cập nhật thành công"},{"ancestorTitles":["categoryService.editCategory"],"duration":1,"failing":false,"failureDetails":[],"failureMessages":[],"fullName":"categoryService.editCategory UC-CATSER-28: category không tồn tại → throw 404","invocations":1,"location":null,"numPassingAsserts":1,"retryReasons":[],"startAt":1776611108414,"status":"passed","title":"UC-CATSER-28: category không tồn tại → throw 404"},{"ancestorTitles":["categoryService.editCategory"],"duration":0,"failing":false,"failureDetails":[],"failureMessages":[],"fullName":"categoryService.editCategory UC-CATSER-29: có file trong test env → cập nhật thumbnail","invocations":1,"location":null,"numPassingAsserts":1,"retryReasons":[],"startAt":1776611108415,"status":"passed","title":"UC-CATSER-29: có file trong test env → cập nhật thumbnail"},{"ancestorTitles":["categoryService.editCategory"],"duration":6,"failing":false,"failureDetails":[],"failureMessages":[],"fullName":"categoryService.editCategory UC-CATSER-30: removeThumbnail=1 → xóa thumbnail (set rỗng)","invocations":1,"location":null,"numPassingAsserts":1,"retryReasons":[],"startAt":1776611108415,"status":"passed","title":"UC-CATSER-30: removeThumbnail=1 → xóa thumbnail (set rỗng)"},{"ancestorTitles":["categoryService.editCategory"],"duration":1,"failing":false,"failureDetails":[],"failureMessages":[],"fullName":"categoryService.editCategory UC-CATSER-31: có position trong body → parse sang int","invocations":1,"location":null,"numPassingAsserts":1,"retryReasons":[],"startAt":1776611108421,"status":"passed","title":"UC-CATSER-31: có position trong body → parse sang int"},{"ancestorTitles":["categoryService.editCategory"],"duration":1,"failing":false,"failureDetails":[],"failureMessages":[],"fullName":"categoryService.editCategory UC-CATSER-32: không có position trong body → delete position key","invocations":1,"location":null,"numPassingAsserts":1,"retryReasons":[],"startAt":1776611108422,"status":"passed","title":"UC-CATSER-32: không có position trong body → delete position key"}],"endTime":1776611108425,"message":"","name":"D:\\UTH\\Nam3-Ki2\\Kiem-chung-phan-mem\\Report Test\\Project-test\\Kiem-chung-phan-mem-new-ver2\\tests\\unit\\category.service.test.js","startTime":1776611106564,"status":"passed","summary":""},{"assertionResults":[{"ancestorTitles":["productService.getList"],"duration":5,"failing":false,"failureDetails":[],"failureMessages":[],"fullName":"productService.getList UC-PRODSER-01: không có query → trả về object có products, filterStatus, pagination","invocations":1,"location":null,"numPassingAsserts":3,"retryReasons":[],"startAt":1776611108422,"status":"passed","title":"UC-PRODSER-01: không có query → trả về object có products, filterStatus, pagination"},{"ancestorTitles":["productService.getList"],"duration":1,"failing":false,"failureDetails":[],"failureMessages":[],"fullName":"productService.getList UC-PRODSER-02: query có status → lọc theo status","invocations":1,"location":null,"numPassingAsserts":1,"retryReasons":[],"startAt":1776611108428,"status":"passed","title":"UC-PRODSER-02: query có status → lọc theo status"},{"ancestorTitles":["productService.getList"],"duration":0,"failing":false,"failureDetails":[],"failureMessages":[],"fullName":"productService.getList UC-PRODSER-03: query có keyword → lọc theo title regex","invocations":1,"location":null,"numPassingAsserts":1,"retryReasons":[],"startAt":1776611108429,"status":"passed","title":"UC-PRODSER-03: query có keyword → lọc theo title regex"},{"ancestorTitles":["productService.getList"],"duration":1,"failing":false,"failureDetails":[],"failureMessages":[],"fullName":"productService.getList UC-PRODSER-04: query có sort → dùng sort field tương ứng","invocations":1,"location":null,"numPassingAsserts":1,"retryReasons":[],"startAt":1776611108429,"status":"passed","title":"UC-PRODSER-04: query có sort → dùng sort field tương ứng"},{"ancestorTitles":["productService.getList"],"duration":9,"failing":false,"failureDetails":[],"failureMessages":[],"fullName":"productService.getList UC-PRODSER-05: không có sort → mặc định sort theo position desc","invocations":1,"location":null,"numPassingAsserts":1,"retryReasons":[],"startAt":1776611108430,"status":"passed","title":"UC-PRODSER-05: không có sort → mặc định sort theo position desc"},{"ancestorTitles":["productService.changeStatus"],"duration":1,"failing":false,"failureDetails":[],"failureMessages":[],"fullName":"productService.changeStatus UC-PRODSER-06: gọi updateOne với id và status đúng","invocations":1,"location":null,"numPassingAsserts":1,"retryReasons":[],"startAt":1776611108439,"status":"passed","title":"UC-PRODSER-06: gọi updateOne với id và status đúng"},{"ancestorTitles":["productService.changeStatus"],"duration":0,"failing":false,"failureDetails":[],"failureMessages":[],"fullName":"productService.changeStatus UC-PRODSER-07: status=active → cập nhật active","invocations":1,"location":null,"numPassingAsserts":1,"retryReasons":[],"startAt":1776611108440,"status":"passed","title":"UC-PRODSER-07: status=active → cập nhật active"},{"ancestorTitles":["productService.changeMulti"],"duration":0,"failing":false,"failureDetails":[],"failureMessages":[],"fullName":"productService.changeMulti UC-PRODSER-08: ids tồn tại, type=active → updateMany status active","invocations":1,"location":null,"numPassingAsserts":2,"retryReasons":[],"startAt":1776611108440,"status":"passed","title":"UC-PRODSER-08: ids tồn tại, type=active → updateMany status active"},{"ancestorTitles":["productService.changeMulti"],"duration":0,"failing":false,"failureDetails":[],"failureMessages":[],"fullName":"productService.changeMulti UC-PRODSER-09: ids tồn tại, type=inactive → updateMany status inactive","invocations":1,"location":null,"numPassingAsserts":2,"retryReasons":[],"startAt":1776611108441,"status":"passed","title":"UC-PRODSER-09: ids tồn tại, type=inactive → updateMany status inactive"},{"ancestorTitles":["productService.changeMulti"],"duration":0,"failing":false,"failureDetails":[],"failureMessages":[],"fullName":"productService.changeMulti UC-PRODSER-10: ids tồn tại, type=delete-all → xóa mềm tất cả","invocations":1,"location":null,"numPassingAsserts":2,"retryReasons":[],"startAt":1776611108441,"status":"passed","title":"UC-PRODSER-10: ids tồn tại, type=delete-all → xóa mềm tất cả"},{"ancestorTitles":["productService.changeMulti"],"duration":0,"failing":false,"failureDetails":[],"failureMessages":[],"fullName":"productService.changeMulti UC-PRODSER-11: ids không tồn tại trong DB → throw NOT_FOUND","invocations":1,"location":null,"numPassingAsserts":2,"retryReasons":[],"startAt":1776611108441,"status":"passed","title":"UC-PRODSER-11: ids không tồn tại trong DB → throw NOT_FOUND"},{"ancestorTitles":["productService.changeMulti"],"duration":1,"failing":false,"failureDetails":[],"failureMessages":[],"fullName":"productService.changeMulti UC-PRODSER-12: type không hợp lệ → trả về status error","invocations":1,"location":null,"numPassingAsserts":1,"retryReasons":[],"startAt":1776611108441,"status":"passed","title":"UC-PRODSER-12: type không hợp lệ → trả về status error"},{"ancestorTitles":["productService.changeMulti"],"duration":0,"failing":false,"failureDetails":[],"failureMessages":[],"fullName":"productService.changeMulti UC-PRODSER-13: nhiều ids hợp lệ → success","invocations":1,"location":null,"numPassingAsserts":1,"retryReasons":[],"startAt":1776611108442,"status":"passed","title":"UC-PRODSER-13: nhiều ids hợp lệ → success"},{"ancestorTitles":["productService.deleteProduct"],"duration":0,"failing":false,"failureDetails":[],"failureMessages":[],"fullName":"productService.deleteProduct UC-PRODSER-14: product tồn tại → xóa mềm thành công","invocations":1,"location":null,"numPassingAsserts":1,"retryReasons":[],"startAt":1776611108442,"status":"passed","title":"UC-PRODSER-14: product tồn tại → xóa mềm thành công"},{"ancestorTitles":["productService.deleteProduct"],"duration":1,"failing":false,"failureDetails":[],"failureMessages":[],"fullName":"productService.deleteProduct UC-PRODSER-15: product không tồn tại → throw NOT_FOUND status 404","invocations":1,"location":null,"numPassingAsserts":2,"retryReasons":[],"startAt":1776611108442,"status":"passed","title":"UC-PRODSER-15: product không tồn tại → throw NOT_FOUND status 404"},{"ancestorTitles":["productService.createProduct"],"duration":4,"failing":false,"failureDetails":[],"failureMessages":[],"fullName":"productService.createProduct UC-PRODSER-16: title trùng → throw TITLE_EXISTS","invocations":1,"location":null,"numPassingAsserts":1,"retryReasons":[],"startAt":1776611108443,"status":"passed","title":"UC-PRODSER-16: title trùng → throw TITLE_EXISTS"},{"ancestorTitles":["productService.createProduct"],"duration":1,"failing":false,"failureDetails":[],"failureMessages":[],"fullName":"productService.createProduct UC-PRODSER-17: title mới, dữ liệu hợp lệ → lưu sản phẩm","invocations":1,"location":null,"numPassingAsserts":2,"retryReasons":[],"startAt":1776611108447,"status":"passed","title":"UC-PRODSER-17: title mới, dữ liệu hợp lệ → lưu sản phẩm"},{"ancestorTitles":["productService.createProduct"],"duration":1,"failing":false,"failureDetails":[],"failureMessages":[],"fullName":"productService.createProduct UC-PRODSER-18: price = -1 → parseInt cho 0 (validate ở tầng trên)","invocations":1,"location":null,"numPassingAsserts":1,"retryReasons":[],"startAt":1776611108448,"status":"passed","title":"UC-PRODSER-18: price = -1 → parseInt cho 0 (validate ở tầng trên)"},{"ancestorTitles":["productService.createProduct"],"duration":1,"failing":false,"failureDetails":[],"failureMessages":[],"fullName":"productService.createProduct UC-PRODSER-19: không có position → tự assign = count + 1","invocations":1,"location":null,"numPassingAsserts":1,"retryReasons":[],"startAt":1776611108449,"status":"passed","title":"UC-PRODSER-19: không có position → tự assign = count + 1"},{"ancestorTitles":["productService.createProduct"],"duration":0,"failing":false,"failureDetails":[],"failureMessages":[],"fullName":"productService.createProduct UC-PRODSER-20: có file trong test env → gán thumbnail","invocations":1,"location":null,"numPassingAsserts":1,"retryReasons":[],"startAt":1776611108450,"status":"passed","title":"UC-PRODSER-20: có file trong test env → gán thumbnail"},{"ancestorTitles":["productService.createProduct"],"duration":0,"failing":false,"failureDetails":[],"failureMessages":[],"fullName":"productService.createProduct UC-PRODSER-21: có user → gán createdBy","invocations":1,"location":null,"numPassingAsserts":2,"retryReasons":[],"startAt":1776611108451,"status":"passed","title":"UC-PRODSER-21: có user → gán createdBy"},{"ancestorTitles":["productService.createProduct"],"duration":1,"failing":false,"failureDetails":[],"failureMessages":[],"fullName":"productService.createProduct UC-PRODSER-22: không có user → không gán createdBy","invocations":1,"location":null,"numPassingAsserts":1,"retryReasons":[],"startAt":1776611108451,"status":"passed","title":"UC-PRODSER-22: không có user → không gán createdBy"},{"ancestorTitles":["productService.editProduct"],"duration":1,"failing":false,"failureDetails":[],"failureMessages":[],"fullName":"productService.editProduct UC-PRODSER-23: title trùng với sản phẩm khác → throw TITLE_EXISTS","invocations":1,"location":null,"numPassingAsserts":1,"retryReasons":[],"startAt":1776611108452,"status":"passed","title":"UC-PRODSER-23: title trùng với sản phẩm khác → throw TITLE_EXISTS"},{"ancestorTitles":["productService.editProduct"],"duration":0,"failing":false,"failureDetails":[],"failureMessages":[],"fullName":"productService.editProduct UC-PRODSER-24: cập nhật hợp lệ → updateOne thành công, trả về true","invocations":1,"location":null,"numPassingAsserts":2,"retryReasons":[],"startAt":1776611108453,"status":"passed","title":"UC-PRODSER-24: cập nhật hợp lệ → updateOne thành công, trả về true"},{"ancestorTitles":["productService.editProduct"],"duration":1,"failing":false,"failureDetails":[],"failureMessages":[],"fullName":"productService.editProduct UC-PRODSER-25: sản phẩm không tồn tại → updateOne matchedCount=0 → trả về false","invocations":1,"location":null,"numPassingAsserts":1,"retryReasons":[],"startAt":1776611108453,"status":"passed","title":"UC-PRODSER-25: sản phẩm không tồn tại → updateOne matchedCount=0 → trả về false"},{"ancestorTitles":["productService.editProduct"],"duration":0,"failing":false,"failureDetails":[],"failureMessages":[],"fullName":"productService.editProduct UC-PRODSER-26: removeThumb=1 → xóa thumbnail","invocations":1,"location":null,"numPassingAsserts":1,"retryReasons":[],"startAt":1776611108454,"status":"passed","title":"UC-PRODSER-26: removeThumb=1 → xóa thumbnail"},{"ancestorTitles":["productService.editProduct"],"duration":1,"failing":false,"failureDetails":[],"failureMessages":[],"fullName":"productService.editProduct UC-PRODSER-27: có file trong test env → gán thumbnail mới","invocations":1,"location":null,"numPassingAsserts":1,"retryReasons":[],"startAt":1776611108454,"status":"passed","title":"UC-PRODSER-27: có file trong test env → gán thumbnail mới"},{"ancestorTitles":["productService.editProduct"],"duration":1,"failing":false,"failureDetails":[],"failureMessages":[],"fullName":"productService.editProduct UC-PRODSER-28: có user → gán updatedBy","invocations":1,"location":null,"numPassingAsserts":2,"retryReasons":[],"startAt":1776611108455,"status":"passed","title":"UC-PRODSER-28: có user → gán updatedBy"},{"ancestorTitles":["productService.detail"],"duration":0,"failing":false,"failureDetails":[],"failureMessages":[],"fullName":"productService.detail UC-PRODSER-29: sản phẩm không tồn tại → trả về null","invocations":1,"location":null,"numPassingAsserts":1,"retryReasons":[],"startAt":1776611108456,"status":"passed","title":"UC-PRODSER-29: sản phẩm không tồn tại → trả về null"},{"ancestorTitles":["productService.detail"],"duration":0,"failing":false,"failureDetails":[],"failureMessages":[],"fullName":"productService.detail UC-PRODSER-30: sản phẩm tồn tại → trả về product có thông tin đầy đủ","invocations":1,"location":null,"numPassingAsserts":2,"retryReasons":[],"startAt":1776611108456,"status":"passed","title":"UC-PRODSER-30: sản phẩm tồn tại → trả về product có thông tin đầy đủ"},{"ancestorTitles":["productService.detail"],"duration":1,"failing":false,"failureDetails":[],"failureMessages":[],"fullName":"productService.detail UC-PRODSER-31: sản phẩm không có category → nameCategory = null","invocations":1,"location":null,"numPassingAsserts":1,"retryReasons":[],"startAt":1776611108456,"status":"passed","title":"UC-PRODSER-31: sản phẩm không có category → nameCategory = null"}],"endTime":1776611108458,"message":"","name":"D:\\UTH\\Nam3-Ki2\\Kiem-chung-phan-mem\\Report Test\\Project-test\\Kiem-chung-phan-mem-new-ver2\\tests\\unit\\product.service.test.js","startTime":1776611106542,"status":"passed","summary":""}],"wasInterrupted":false}
