{"numFailedTestSuites":3,"numFailedTests":4,"numPassedTestSuites":0,"numPassedTests":67,"numPendingTestSuites":0,"numPendingTests":0,"numRuntimeErrorTestSuites":0,"numTodoTests":0,"numTotalTestSuites":3,"numTotalTests":71,"openHandles":[],"snapshot":{"added":0,"didUpdate":false,"failure":false,"filesAdded":0,"filesRemoved":0,"filesRemovedList":[],"filesUnmatched":0,"filesUpdated":0,"matched":0,"total":0,"unchecked":0,"uncheckedKeysByFile":[],"unmatched":0,"updated":0},"startTime":1775374277548,"success":false,"testResults":[{"assertionResults":[{"ancestorTitles":["Client Products BVA API Tests","GET /products (BVA-CPROD-08 to BVA-CPROD-11)"],"duration":153,"failing":false,"failureDetails":[],"failureMessages":[],"fullName":"Client Products BVA API Tests GET /products (BVA-CPROD-08 to BVA-CPROD-11) BVA-CPROD-08: kh├┤ng param","invocations":1,"location":null,"numPassingAsserts":1,"retryReasons":[],"startAt":1775374282953,"status":"passed","title":"BVA-CPROD-08: kh├┤ng param"},{"ancestorTitles":["Client Products BVA API Tests","GET /products (BVA-CPROD-08 to BVA-CPROD-11)"],"duration":69,"failing":false,"failureDetails":[],"failureMessages":[],"fullName":"Client Products BVA API Tests GET /products (BVA-CPROD-08 to BVA-CPROD-11) BVA-CPROD-09: page=0","invocations":1,"location":null,"numPassingAsserts":1,"retryReasons":[],"startAt":1775374283107,"status":"passed","title":"BVA-CPROD-09: page=0"},{"ancestorTitles":["Client Products BVA API Tests","GET /products (BVA-CPROD-08 to BVA-CPROD-11)"],"duration":53,"failing":false,"failureDetails":[],"failureMessages":[],"fullName":"Client Products BVA API Tests GET /products (BVA-CPROD-08 to BVA-CPROD-11) BVA-CPROD-10: page=1","invocations":1,"location":null,"numPassingAsserts":1,"retryReasons":[],"startAt":1775374283176,"status":"passed","title":"BVA-CPROD-10: page=1"},{"ancestorTitles":["Client Products BVA API Tests","GET /products (BVA-CPROD-08 to BVA-CPROD-11)"],"duration":38,"failing":false,"failureDetails":[],"failureMessages":[],"fullName":"Client Products BVA API Tests GET /products (BVA-CPROD-08 to BVA-CPROD-11) BVA-CPROD-11: page rß║Ñt lß╗¢n","invocations":1,"location":null,"numPassingAsserts":1,"retryReasons":[],"startAt":1775374283229,"status":"passed","title":"BVA-CPROD-11: page rß║Ñt lß╗¢n"},{"ancestorTitles":["Client Products BVA API Tests","GET /detail/:slug (BVA-CPROD-12 to BVA-CPROD-14)"],"duration":39,"failing":false,"failureDetails":[{"matcherResult":{"actual":404,"expected":200,"message":"expect(received).toBe(expected) // Object.is equality\n\nExpected: 200\nReceived: 404","name":"toBe","pass":false}}],"failureMessages":["Error: expect(received).toBe(expected) // Object.is equality\n\nExpected: 200\nReceived: 404\n    at Object.toBe (D:\\Subjects - Documents\\Software Testing\\Kiem-chung-phan-mem\\tests\\client-products.test.js:72:37)\n    at processTicksAndRejections (node:internal/process/task_queues:105:5)"],"fullName":"Client Products BVA API Tests GET /detail/:slug (BVA-CPROD-12 to BVA-CPROD-14) BVA-CPROD-12: slug hß╗úp lß╗ç","invocations":1,"location":null,"numPassingAsserts":0,"retryReasons":[],"startAt":1775374283267,"status":"failed","title":"BVA-CPROD-12: slug hß╗úp lß╗ç"},{"ancestorTitles":["Client Products BVA API Tests","GET /detail/:slug (BVA-CPROD-12 to BVA-CPROD-14)"],"duration":30,"failing":false,"failureDetails":[],"failureMessages":[],"fullName":"Client Products BVA API Tests GET /detail/:slug (BVA-CPROD-12 to BVA-CPROD-14) BVA-CPROD-13: slug kh├┤ng tß╗ôn tß║íi","invocations":1,"location":null,"numPassingAsserts":1,"retryReasons":[],"startAt":1775374283307,"status":"passed","title":"BVA-CPROD-13: slug kh├┤ng tß╗ôn tß║íi"},{"ancestorTitles":["Client Products BVA API Tests","GET /detail/:slug (BVA-CPROD-12 to BVA-CPROD-14)"],"duration":363,"failing":false,"failureDetails":[],"failureMessages":[],"fullName":"Client Products BVA API Tests GET /detail/:slug (BVA-CPROD-12 to BVA-CPROD-14) BVA-CPROD-14: slug rß╗ùng","invocations":1,"location":null,"numPassingAsserts":1,"retryReasons":[],"startAt":1775374283337,"status":"passed","title":"BVA-CPROD-14: slug rß╗ùng"},{"ancestorTitles":["Client Products BVA API Tests","POST /detail/:slug/comment (BVA-CPROD-15 to BVA-CPROD-22)"],"duration":32,"failing":false,"failureDetails":[],"failureMessages":[],"fullName":"Client Products BVA API Tests POST /detail/:slug/comment (BVA-CPROD-15 to BVA-CPROD-22) BVA-CPROD-15: ch╞░a login","invocations":1,"location":null,"numPassingAsserts":1,"retryReasons":[],"startAt":1775374283700,"status":"passed","title":"BVA-CPROD-15: ch╞░a login"},{"ancestorTitles":["Client Products BVA API Tests","POST /detail/:slug/comment (BVA-CPROD-15 to BVA-CPROD-22)"],"duration":33,"failing":false,"failureDetails":[],"failureMessages":[],"fullName":"Client Products BVA API Tests POST /detail/:slug/comment (BVA-CPROD-15 to BVA-CPROD-22) BVA-CPROD-16: ─æ├ú login","invocations":1,"location":null,"numPassingAsserts":1,"retryReasons":[],"startAt":1775374283732,"status":"passed","title":"BVA-CPROD-16: ─æ├ú login"},{"ancestorTitles":["Client Products BVA API Tests","POST /detail/:slug/comment (BVA-CPROD-15 to BVA-CPROD-22)"],"duration":34,"failing":false,"failureDetails":[],"failureMessages":[],"fullName":"Client Products BVA API Tests POST /detail/:slug/comment (BVA-CPROD-15 to BVA-CPROD-22) BVA-CPROD-17: comment rß╗ùng","invocations":1,"location":null,"numPassingAsserts":1,"retryReasons":[],"startAt":1775374283766,"status":"passed","title":"BVA-CPROD-17: comment rß╗ùng"},{"ancestorTitles":["Client Products BVA API Tests","POST /detail/:slug/comment (BVA-CPROD-15 to BVA-CPROD-22)"],"duration":38,"failing":false,"failureDetails":[],"failureMessages":[],"fullName":"Client Products BVA API Tests POST /detail/:slug/comment (BVA-CPROD-15 to BVA-CPROD-22) BVA-CPROD-18: comment 1 k├╜ tß╗▒","invocations":1,"location":null,"numPassingAsserts":1,"retryReasons":[],"startAt":1775374283800,"status":"passed","title":"BVA-CPROD-18: comment 1 k├╜ tß╗▒"},{"ancestorTitles":["Client Products BVA API Tests","POST /detail/:slug/comment (BVA-CPROD-15 to BVA-CPROD-22)"],"duration":32,"failing":false,"failureDetails":[],"failureMessages":[],"fullName":"Client Products BVA API Tests POST /detail/:slug/comment (BVA-CPROD-15 to BVA-CPROD-22) BVA-CPROD-19: comment d├ái max","invocations":1,"location":null,"numPassingAsserts":1,"retryReasons":[],"startAt":1775374283839,"status":"passed","title":"BVA-CPROD-19: comment d├ái max"},{"ancestorTitles":["Client Products BVA API Tests","POST /detail/:slug/comment (BVA-CPROD-15 to BVA-CPROD-22)"],"duration":24,"failing":false,"failureDetails":[],"failureMessages":[],"fullName":"Client Products BVA API Tests POST /detail/:slug/comment (BVA-CPROD-15 to BVA-CPROD-22) BVA-CPROD-20: comment v╞░ß╗út max","invocations":1,"location":null,"numPassingAsserts":1,"retryReasons":[],"startAt":1775374283871,"status":"passed","title":"BVA-CPROD-20: comment v╞░ß╗út max"},{"ancestorTitles":["Client Products BVA API Tests","POST /detail/:slug/comment (BVA-CPROD-15 to BVA-CPROD-22)"],"duration":31,"failing":false,"failureDetails":[],"failureMessages":[],"fullName":"Client Products BVA API Tests POST /detail/:slug/comment (BVA-CPROD-15 to BVA-CPROD-22) BVA-CPROD-21: slug hß╗úp lß╗ç","invocations":1,"location":null,"numPassingAsserts":1,"retryReasons":[],"startAt":1775374283895,"status":"passed","title":"BVA-CPROD-21: slug hß╗úp lß╗ç"},{"ancestorTitles":["Client Products BVA API Tests","POST /detail/:slug/comment (BVA-CPROD-15 to BVA-CPROD-22)"],"duration":40,"failing":false,"failureDetails":[],"failureMessages":[],"fullName":"Client Products BVA API Tests POST /detail/:slug/comment (BVA-CPROD-15 to BVA-CPROD-22) BVA-CPROD-22: slug kh├┤ng tß╗ôn tß║íi","invocations":1,"location":null,"numPassingAsserts":1,"retryReasons":[],"startAt":1775374283926,"status":"passed","title":"BVA-CPROD-22: slug kh├┤ng tß╗ôn tß║íi"}],"endTime":1775374284466,"message":"  ΓùÅ Client Products BVA API Tests ΓÇ║ GET /detail/:slug (BVA-CPROD-12 to BVA-CPROD-14) ΓÇ║ BVA-CPROD-12: slug hß╗úp lß╗ç\n\n    expect(received).toBe(expected) // Object.is equality\n\n    Expected: 200\n    Received: 404\n\n    \u001b[0m \u001b[90m 70 |\u001b[39m                 \u001b[33m.\u001b[39m\u001b[36mget\u001b[39m(\u001b[32m`/detail/${testProduct.slug}`\u001b[39m)\n     \u001b[90m 71 |\u001b[39m                 \u001b[33m.\u001b[39maccept(\u001b[32m'application/json'\u001b[39m)\u001b[33m;\u001b[39m\n    \u001b[31m\u001b[1m>\u001b[22m\u001b[39m\u001b[90m 72 |\u001b[39m             expect(response\u001b[33m.\u001b[39mstatus)\u001b[33m.\u001b[39mtoBe(\u001b[35m200\u001b[39m)\u001b[33m;\u001b[39m\n     \u001b[90m    |\u001b[39m                                     \u001b[31m\u001b[1m^\u001b[22m\u001b[39m\n     \u001b[90m 73 |\u001b[39m         })\u001b[33m;\u001b[39m\n     \u001b[90m 74 |\u001b[39m\n     \u001b[90m 75 |\u001b[39m         test(\u001b[32m'BVA-CPROD-13: slug kh├┤ng tß╗ôn tß║íi'\u001b[39m\u001b[33m,\u001b[39m \u001b[36masync\u001b[39m () \u001b[33m=>\u001b[39m {\u001b[0m\n\n      at Object.toBe (tests/client-products.test.js:72:37)\n","name":"D:\\Subjects - Documents\\Software Testing\\Kiem-chung-phan-mem\\tests\\client-products.test.js","startTime":1775374278138,"status":"failed","summary":""},{"assertionResults":[{"ancestorTitles":["Admin Categories BVA API Tests","POST /admin/categories/create (BVA-ACAT-12 to BVA-ACAT-20)"],"duration":95,"failing":false,"failureDetails":[],"failureMessages":[],"fullName":"Admin Categories BVA API Tests POST /admin/categories/create (BVA-ACAT-12 to BVA-ACAT-20) BVA-ACAT-12: POST /admin/categories/create | name rß╗ùng","invocations":1,"location":null,"numPassingAsserts":1,"retryReasons":[],"startAt":1775374282895,"status":"passed","title":"BVA-ACAT-12: POST /admin/categories/create | name rß╗ùng"},{"ancestorTitles":["Admin Categories BVA API Tests","POST /admin/categories/create (BVA-ACAT-12 to BVA-ACAT-20)"],"duration":96,"failing":false,"failureDetails":[],"failureMessages":[],"fullName":"Admin Categories BVA API Tests POST /admin/categories/create (BVA-ACAT-12 to BVA-ACAT-20) BVA-ACAT-13: POST /admin/categories/create | name 1 k├╜ tß╗▒","invocations":1,"location":null,"numPassingAsserts":1,"retryReasons":[],"startAt":1775374282991,"status":"passed","title":"BVA-ACAT-13: POST /admin/categories/create | name 1 k├╜ tß╗▒"},{"ancestorTitles":["Admin Categories BVA API Tests","POST /admin/categories/create (BVA-ACAT-12 to BVA-ACAT-20)"],"duration":99,"failing":false,"failureDetails":[],"failureMessages":[],"fullName":"Admin Categories BVA API Tests POST /admin/categories/create (BVA-ACAT-12 to BVA-ACAT-20) BVA-ACAT-14: POST /admin/categories/create | name 255 k├╜ tß╗▒","invocations":1,"location":null,"numPassingAsserts":1,"retryReasons":[],"startAt":1775374283087,"status":"passed","title":"BVA-ACAT-14: POST /admin/categories/create | name 255 k├╜ tß╗▒"},{"ancestorTitles":["Admin Categories BVA API Tests","POST /admin/categories/create (BVA-ACAT-12 to BVA-ACAT-20)"],"duration":69,"failing":false,"failureDetails":[],"failureMessages":[],"fullName":"Admin Categories BVA API Tests POST /admin/categories/create (BVA-ACAT-12 to BVA-ACAT-20) BVA-ACAT-15: POST /admin/categories/create | name 256 k├╜ tß╗▒","invocations":1,"location":null,"numPassingAsserts":1,"retryReasons":[],"startAt":1775374283187,"status":"passed","title":"BVA-ACAT-15: POST /admin/categories/create | name 256 k├╜ tß╗▒"},{"ancestorTitles":["Admin Categories BVA API Tests","POST /admin/categories/create (BVA-ACAT-12 to BVA-ACAT-20)"],"duration":36,"failing":false,"failureDetails":[],"failureMessages":[],"fullName":"Admin Categories BVA API Tests POST /admin/categories/create (BVA-ACAT-12 to BVA-ACAT-20) BVA-ACAT-16: POST /admin/categories/create | kh├┤ng gß╗¡i name","invocations":1,"location":null,"numPassingAsserts":1,"retryReasons":[],"startAt":1775374283257,"status":"passed","title":"BVA-ACAT-16: POST /admin/categories/create | kh├┤ng gß╗¡i name"},{"ancestorTitles":["Admin Categories BVA API Tests","POST /admin/categories/create (BVA-ACAT-12 to BVA-ACAT-20)"],"duration":48,"failing":false,"failureDetails":[],"failureMessages":[],"fullName":"Admin Categories BVA API Tests POST /admin/categories/create (BVA-ACAT-12 to BVA-ACAT-20) BVA-ACAT-17: POST /admin/categories/create | thumbnail kh├┤ng upload","invocations":1,"location":null,"numPassingAsserts":1,"retryReasons":[],"startAt":1775374283293,"status":"passed","title":"BVA-ACAT-17: POST /admin/categories/create | thumbnail kh├┤ng upload"},{"ancestorTitles":["Admin Categories BVA API Tests","POST /admin/categories/create (BVA-ACAT-12 to BVA-ACAT-20)"],"duration":40,"failing":false,"failureDetails":[],"failureMessages":[],"fullName":"Admin Categories BVA API Tests POST /admin/categories/create (BVA-ACAT-12 to BVA-ACAT-20) BVA-ACAT-18: POST /admin/categories/create | thumbnail file ß║únh hß╗úp lß╗ç","invocations":1,"location":null,"numPassingAsserts":1,"retryReasons":[],"startAt":1775374283342,"status":"passed","title":"BVA-ACAT-18: POST /admin/categories/create | thumbnail file ß║únh hß╗úp lß╗ç"},{"ancestorTitles":["Admin Categories BVA API Tests","POST /admin/categories/create (BVA-ACAT-12 to BVA-ACAT-20)"],"duration":37,"failing":false,"failureDetails":[],"failureMessages":[],"fullName":"Admin Categories BVA API Tests POST /admin/categories/create (BVA-ACAT-12 to BVA-ACAT-20) BVA-ACAT-19: POST /admin/categories/create | thumbnail file sai ─æß╗ïnh dß║íng","invocations":1,"location":null,"numPassingAsserts":1,"retryReasons":[],"startAt":1775374283382,"status":"passed","title":"BVA-ACAT-19: POST /admin/categories/create | thumbnail file sai ─æß╗ïnh dß║íng"},{"ancestorTitles":["Admin Categories BVA API Tests","POST /admin/categories/create (BVA-ACAT-12 to BVA-ACAT-20)"],"duration":91,"failing":false,"failureDetails":[],"failureMessages":[],"fullName":"Admin Categories BVA API Tests POST /admin/categories/create (BVA-ACAT-12 to BVA-ACAT-20) BVA-ACAT-20: POST /admin/categories/create | thumbnail file v╞░ß╗út max size","invocations":1,"location":null,"numPassingAsserts":1,"retryReasons":[],"startAt":1775374283419,"status":"passed","title":"BVA-ACAT-20: POST /admin/categories/create | thumbnail file v╞░ß╗út max size"},{"ancestorTitles":["Admin Categories BVA API Tests","PATCH /admin/categories/edit/:id (BVA-ACAT-21 to BVA-ACAT-25)"],"duration":81,"failing":false,"failureDetails":[],"failureMessages":[],"fullName":"Admin Categories BVA API Tests PATCH /admin/categories/edit/:id (BVA-ACAT-21 to BVA-ACAT-25) BVA-ACAT-21: PATCH /admin/categories/edit/:id | id hß╗úp lß╗ç + data hß╗úp lß╗ç","invocations":1,"location":null,"numPassingAsserts":1,"retryReasons":[],"startAt":1775374283511,"status":"passed","title":"BVA-ACAT-21: PATCH /admin/categories/edit/:id | id hß╗úp lß╗ç + data hß╗úp lß╗ç"},{"ancestorTitles":["Admin Categories BVA API Tests","PATCH /admin/categories/edit/:id (BVA-ACAT-21 to BVA-ACAT-25)"],"duration":68,"failing":false,"failureDetails":[],"failureMessages":[],"fullName":"Admin Categories BVA API Tests PATCH /admin/categories/edit/:id (BVA-ACAT-21 to BVA-ACAT-25) BVA-ACAT-22: PATCH /admin/categories/edit/:id | id sai format","invocations":1,"location":null,"numPassingAsserts":1,"retryReasons":[],"startAt":1775374283592,"status":"passed","title":"BVA-ACAT-22: PATCH /admin/categories/edit/:id | id sai format"},{"ancestorTitles":["Admin Categories BVA API Tests","PATCH /admin/categories/edit/:id (BVA-ACAT-21 to BVA-ACAT-25)"],"duration":49,"failing":false,"failureDetails":[{"matcherResult":{"actual":200,"expected":404,"message":"expect(received).toBe(expected) // Object.is equality\n\nExpected: 404\nReceived: 200","name":"toBe","pass":false}}],"failureMessages":["Error: expect(received).toBe(expected) // Object.is equality\n\nExpected: 404\nReceived: 200\n    at Object.toBe (D:\\Subjects - Documents\\Software Testing\\Kiem-chung-phan-mem\\tests\\admin-categories.test.js:155:37)\n    at processTicksAndRejections (node:internal/process/task_queues:105:5)"],"fullName":"Admin Categories BVA API Tests PATCH /admin/categories/edit/:id (BVA-ACAT-21 to BVA-ACAT-25) BVA-ACAT-23: PATCH /admin/categories/edit/:id | id kh├┤ng tß╗ôn tß║íi","invocations":1,"location":null,"numPassingAsserts":0,"retryReasons":[],"startAt":1775374283661,"status":"failed","title":"BVA-ACAT-23: PATCH /admin/categories/edit/:id | id kh├┤ng tß╗ôn tß║íi"},{"ancestorTitles":["Admin Categories BVA API Tests","PATCH /admin/categories/edit/:id (BVA-ACAT-21 to BVA-ACAT-25)"],"duration":28,"failing":false,"failureDetails":[],"failureMessages":[],"fullName":"Admin Categories BVA API Tests PATCH /admin/categories/edit/:id (BVA-ACAT-21 to BVA-ACAT-25) BVA-ACAT-24: PATCH /admin/categories/edit/:id | name rß╗ùng","invocations":1,"location":null,"numPassingAsserts":1,"retryReasons":[],"startAt":1775374283711,"status":"passed","title":"BVA-ACAT-24: PATCH /admin/categories/edit/:id | name rß╗ùng"},{"ancestorTitles":["Admin Categories BVA API Tests","PATCH /admin/categories/edit/:id (BVA-ACAT-21 to BVA-ACAT-25)"],"duration":55,"failing":false,"failureDetails":[],"failureMessages":[],"fullName":"Admin Categories BVA API Tests PATCH /admin/categories/edit/:id (BVA-ACAT-21 to BVA-ACAT-25) BVA-ACAT-25: PATCH /admin/categories/edit/:id | name > 255 k├╜ tß╗▒","invocations":1,"location":null,"numPassingAsserts":1,"retryReasons":[],"startAt":1775374283739,"status":"passed","title":"BVA-ACAT-25: PATCH /admin/categories/edit/:id | name > 255 k├╜ tß╗▒"},{"ancestorTitles":["Admin Categories BVA API Tests","PATCH /admin/categories/change-status/:status/:id (BVA-ACAT-26 to BVA-ACAT-30)"],"duration":45,"failing":false,"failureDetails":[],"failureMessages":[],"fullName":"Admin Categories BVA API Tests PATCH /admin/categories/change-status/:status/:id (BVA-ACAT-26 to BVA-ACAT-30) BVA-ACAT-26: status=active","invocations":1,"location":null,"numPassingAsserts":1,"retryReasons":[],"startAt":1775374283794,"status":"passed","title":"BVA-ACAT-26: status=active"},{"ancestorTitles":["Admin Categories BVA API Tests","PATCH /admin/categories/change-status/:status/:id (BVA-ACAT-26 to BVA-ACAT-30)"],"duration":34,"failing":false,"failureDetails":[],"failureMessages":[],"fullName":"Admin Categories BVA API Tests PATCH /admin/categories/change-status/:status/:id (BVA-ACAT-26 to BVA-ACAT-30) BVA-ACAT-27: status=inactive","invocations":1,"location":null,"numPassingAsserts":1,"retryReasons":[],"startAt":1775374283839,"status":"passed","title":"BVA-ACAT-27: status=inactive"},{"ancestorTitles":["Admin Categories BVA API Tests","PATCH /admin/categories/change-status/:status/:id (BVA-ACAT-26 to BVA-ACAT-30)"],"duration":26,"failing":false,"failureDetails":[],"failureMessages":[],"fullName":"Admin Categories BVA API Tests PATCH /admin/categories/change-status/:status/:id (BVA-ACAT-26 to BVA-ACAT-30) BVA-ACAT-28: status=abc","invocations":1,"location":null,"numPassingAsserts":1,"retryReasons":[],"startAt":1775374283873,"status":"passed","title":"BVA-ACAT-28: status=abc"},{"ancestorTitles":["Admin Categories BVA API Tests","PATCH /admin/categories/change-status/:status/:id (BVA-ACAT-26 to BVA-ACAT-30)"],"duration":35,"failing":false,"failureDetails":[],"failureMessages":[],"fullName":"Admin Categories BVA API Tests PATCH /admin/categories/change-status/:status/:id (BVA-ACAT-26 to BVA-ACAT-30) BVA-ACAT-29: id sai format","invocations":1,"location":null,"numPassingAsserts":1,"retryReasons":[],"startAt":1775374283899,"status":"passed","title":"BVA-ACAT-29: id sai format"},{"ancestorTitles":["Admin Categories BVA API Tests","PATCH /admin/categories/change-status/:status/:id (BVA-ACAT-26 to BVA-ACAT-30)"],"duration":38,"failing":false,"failureDetails":[],"failureMessages":[],"fullName":"Admin Categories BVA API Tests PATCH /admin/categories/change-status/:status/:id (BVA-ACAT-26 to BVA-ACAT-30) BVA-ACAT-30: id kh├┤ng tß╗ôn tß║íi","invocations":1,"location":null,"numPassingAsserts":1,"retryReasons":[],"startAt":1775374283934,"status":"passed","title":"BVA-ACAT-30: id kh├┤ng tß╗ôn tß║íi"},{"ancestorTitles":["Admin Categories BVA API Tests","PATCH /admin/categories/change-multi (BVA-ACAT-31 to BVA-ACAT-35)"],"duration":61,"failing":false,"failureDetails":[],"failureMessages":[],"fullName":"Admin Categories BVA API Tests PATCH /admin/categories/change-multi (BVA-ACAT-31 to BVA-ACAT-35) BVA-ACAT-31: PATCH /admin/categories/change-multi | list rß╗ùng","invocations":1,"location":null,"numPassingAsserts":1,"retryReasons":[],"startAt":1775374283972,"status":"passed","title":"BVA-ACAT-31: PATCH /admin/categories/change-multi | list rß╗ùng"},{"ancestorTitles":["Admin Categories BVA API Tests","PATCH /admin/categories/change-multi (BVA-ACAT-31 to BVA-ACAT-35)"],"duration":54,"failing":false,"failureDetails":[],"failureMessages":[],"fullName":"Admin Categories BVA API Tests PATCH /admin/categories/change-multi (BVA-ACAT-31 to BVA-ACAT-35) BVA-ACAT-32: PATCH /admin/categories/change-multi | 1 id hß╗úp lß╗ç","invocations":1,"location":null,"numPassingAsserts":1,"retryReasons":[],"startAt":1775374284034,"status":"passed","title":"BVA-ACAT-32: PATCH /admin/categories/change-multi | 1 id hß╗úp lß╗ç"},{"ancestorTitles":["Admin Categories BVA API Tests","PATCH /admin/categories/change-multi (BVA-ACAT-31 to BVA-ACAT-35)"],"duration":59,"failing":false,"failureDetails":[],"failureMessages":[],"fullName":"Admin Categories BVA API Tests PATCH /admin/categories/change-multi (BVA-ACAT-31 to BVA-ACAT-35) BVA-ACAT-33: PATCH /admin/categories/change-multi | nhiß╗üu id hß╗úp lß╗ç","invocations":1,"location":null,"numPassingAsserts":1,"retryReasons":[],"startAt":1775374284088,"status":"passed","title":"BVA-ACAT-33: PATCH /admin/categories/change-multi | nhiß╗üu id hß╗úp lß╗ç"},{"ancestorTitles":["Admin Categories BVA API Tests","PATCH /admin/categories/change-multi (BVA-ACAT-31 to BVA-ACAT-35)"],"duration":82,"failing":false,"failureDetails":[],"failureMessages":[],"fullName":"Admin Categories BVA API Tests PATCH /admin/categories/change-multi (BVA-ACAT-31 to BVA-ACAT-35) BVA-ACAT-34: PATCH /admin/categories/change-multi | list c├│ id sai","invocations":1,"location":null,"numPassingAsserts":1,"retryReasons":[],"startAt":1775374284148,"status":"passed","title":"BVA-ACAT-34: PATCH /admin/categories/change-multi | list c├│ id sai"},{"ancestorTitles":["Admin Categories BVA API Tests","PATCH /admin/categories/change-multi (BVA-ACAT-31 to BVA-ACAT-35)"],"duration":66,"failing":false,"failureDetails":[],"failureMessages":[],"fullName":"Admin Categories BVA API Tests PATCH /admin/categories/change-multi (BVA-ACAT-31 to BVA-ACAT-35) BVA-ACAT-35: PATCH /admin/categories/change-multi | list c├│ id kh├┤ng tß╗ôn tß║íi","invocations":1,"location":null,"numPassingAsserts":1,"retryReasons":[],"startAt":1775374284230,"status":"passed","title":"BVA-ACAT-35: PATCH /admin/categories/change-multi | list c├│ id kh├┤ng tß╗ôn tß║íi"},{"ancestorTitles":["Admin Categories BVA API Tests","DELETE /admin/categories/delete-category/:id (BVA-ACAT-36 to BVA-ACAT-38)"],"duration":82,"failing":false,"failureDetails":[],"failureMessages":[],"fullName":"Admin Categories BVA API Tests DELETE /admin/categories/delete-category/:id (BVA-ACAT-36 to BVA-ACAT-38) BVA-ACAT-36: DELETE /admin/categories/delete-category/:id | id hß╗úp lß╗ç","invocations":1,"location":null,"numPassingAsserts":1,"retryReasons":[],"startAt":1775374284297,"status":"passed","title":"BVA-ACAT-36: DELETE /admin/categories/delete-category/:id | id hß╗úp lß╗ç"},{"ancestorTitles":["Admin Categories BVA API Tests","DELETE /admin/categories/delete-category/:id (BVA-ACAT-36 to BVA-ACAT-38)"],"duration":61,"failing":false,"failureDetails":[],"failureMessages":[],"fullName":"Admin Categories BVA API Tests DELETE /admin/categories/delete-category/:id (BVA-ACAT-36 to BVA-ACAT-38) BVA-ACAT-37: DELETE /admin/categories/delete-category/:id | id sai format","invocations":1,"location":null,"numPassingAsserts":1,"retryReasons":[],"startAt":1775374284379,"status":"passed","title":"BVA-ACAT-37: DELETE /admin/categories/delete-category/:id | id sai format"},{"ancestorTitles":["Admin Categories BVA API Tests","DELETE /admin/categories/delete-category/:id (BVA-ACAT-36 to BVA-ACAT-38)"],"duration":85,"failing":false,"failureDetails":[],"failureMessages":[],"fullName":"Admin Categories BVA API Tests DELETE /admin/categories/delete-category/:id (BVA-ACAT-36 to BVA-ACAT-38) BVA-ACAT-38: DELETE /admin/categories/delete-category/:id | id kh├┤ng tß╗ôn tß║íi","invocations":1,"location":null,"numPassingAsserts":1,"retryReasons":[],"startAt":1775374284441,"status":"passed","title":"BVA-ACAT-38: DELETE /admin/categories/delete-category/:id | id kh├┤ng tß╗ôn tß║íi"}],"endTime":1775374284724,"message":"  ΓùÅ Admin Categories BVA API Tests ΓÇ║ PATCH /admin/categories/edit/:id (BVA-ACAT-21 to BVA-ACAT-25) ΓÇ║ BVA-ACAT-23: PATCH /admin/categories/edit/:id | id kh├┤ng tß╗ôn tß║íi\n\n    expect(received).toBe(expected) // Object.is equality\n\n    Expected: 404\n    Received: 200\n\n    \u001b[0m \u001b[90m 153 |\u001b[39m                 \u001b[33m.\u001b[39mfield(\u001b[32m'status'\u001b[39m\u001b[33m,\u001b[39m \u001b[32m'active'\u001b[39m)\n     \u001b[90m 154 |\u001b[39m                 \u001b[33m.\u001b[39maccept(\u001b[32m'application/json'\u001b[39m)\u001b[33m;\u001b[39m\n    \u001b[31m\u001b[1m>\u001b[22m\u001b[39m\u001b[90m 155 |\u001b[39m             expect(response\u001b[33m.\u001b[39mstatus)\u001b[33m.\u001b[39mtoBe(\u001b[35m404\u001b[39m)\u001b[33m;\u001b[39m\n     \u001b[90m     |\u001b[39m                                     \u001b[31m\u001b[1m^\u001b[22m\u001b[39m\n     \u001b[90m 156 |\u001b[39m         })\u001b[33m;\u001b[39m\n     \u001b[90m 157 |\u001b[39m\n     \u001b[90m 158 |\u001b[39m         test(\u001b[32m'BVA-ACAT-24: PATCH /admin/categories/edit/:id | name rß╗ùng'\u001b[39m\u001b[33m,\u001b[39m \u001b[36masync\u001b[39m () \u001b[33m=>\u001b[39m {\u001b[0m\n\n      at Object.toBe (tests/admin-categories.test.js:155:37)\n","name":"D:\\Subjects - Documents\\Software Testing\\Kiem-chung-phan-mem\\tests\\admin-categories.test.js","startTime":1775374278138,"status":"failed","summary":""},{"assertionResults":[{"ancestorTitles":["Admin Products BVA API Tests","POST /admin/products/create (BVA-APROD-11 to BVA-APROD-22)"],"duration":91,"failing":false,"failureDetails":[],"failureMessages":[],"fullName":"Admin Products BVA API Tests POST /admin/products/create (BVA-APROD-11 to BVA-APROD-22) BVA-APROD-11: name rß╗ùng","invocations":1,"location":null,"numPassingAsserts":1,"retryReasons":[],"startAt":1775374282896,"status":"passed","title":"BVA-APROD-11: name rß╗ùng"},{"ancestorTitles":["Admin Products BVA API Tests","POST /admin/products/create (BVA-APROD-11 to BVA-APROD-22)"],"duration":79,"failing":false,"failureDetails":[],"failureMessages":[],"fullName":"Admin Products BVA API Tests POST /admin/products/create (BVA-APROD-11 to BVA-APROD-22) BVA-APROD-12: name 1 k├╜ tß╗▒","invocations":1,"location":null,"numPassingAsserts":1,"retryReasons":[],"startAt":1775374282988,"status":"passed","title":"BVA-APROD-12: name 1 k├╜ tß╗▒"},{"ancestorTitles":["Admin Products BVA API Tests","POST /admin/products/create (BVA-APROD-11 to BVA-APROD-22)"],"duration":120,"failing":false,"failureDetails":[],"failureMessages":[],"fullName":"Admin Products BVA API Tests POST /admin/products/create (BVA-APROD-11 to BVA-APROD-22) BVA-APROD-13: name 255 k├╜ tß╗▒","invocations":1,"location":null,"numPassingAsserts":1,"retryReasons":[],"startAt":1775374283067,"status":"passed","title":"BVA-APROD-13: name 255 k├╜ tß╗▒"},{"ancestorTitles":["Admin Products BVA API Tests","POST /admin/products/create (BVA-APROD-11 to BVA-APROD-22)"],"duration":59,"failing":false,"failureDetails":[],"failureMessages":[],"fullName":"Admin Products BVA API Tests POST /admin/products/create (BVA-APROD-11 to BVA-APROD-22) BVA-APROD-14: name 256 k├╜ tß╗▒","invocations":1,"location":null,"numPassingAsserts":1,"retryReasons":[],"startAt":1775374283187,"status":"passed","title":"BVA-APROD-14: name 256 k├╜ tß╗▒"},{"ancestorTitles":["Admin Products BVA API Tests","POST /admin/products/create (BVA-APROD-11 to BVA-APROD-22)"],"duration":36,"failing":false,"failureDetails":[],"failureMessages":[],"fullName":"Admin Products BVA API Tests POST /admin/products/create (BVA-APROD-11 to BVA-APROD-22) BVA-APROD-15: price = -1","invocations":1,"location":null,"numPassingAsserts":1,"retryReasons":[],"startAt":1775374283246,"status":"passed","title":"BVA-APROD-15: price = -1"},{"ancestorTitles":["Admin Products BVA API Tests","POST /admin/products/create (BVA-APROD-11 to BVA-APROD-22)"],"duration":39,"failing":false,"failureDetails":[],"failureMessages":[],"fullName":"Admin Products BVA API Tests POST /admin/products/create (BVA-APROD-11 to BVA-APROD-22) BVA-APROD-16: price = 0","invocations":1,"location":null,"numPassingAsserts":1,"retryReasons":[],"startAt":1775374283282,"status":"passed","title":"BVA-APROD-16: price = 0"},{"ancestorTitles":["Admin Products BVA API Tests","POST /admin/products/create (BVA-APROD-11 to BVA-APROD-22)"],"duration":41,"failing":false,"failureDetails":[],"failureMessages":[],"fullName":"Admin Products BVA API Tests POST /admin/products/create (BVA-APROD-11 to BVA-APROD-22) BVA-APROD-17: price = 1","invocations":1,"location":null,"numPassingAsserts":1,"retryReasons":[],"startAt":1775374283321,"status":"passed","title":"BVA-APROD-17: price = 1"},{"ancestorTitles":["Admin Products BVA API Tests","POST /admin/products/create (BVA-APROD-11 to BVA-APROD-22)"],"duration":41,"failing":false,"failureDetails":[],"failureMessages":[],"fullName":"Admin Products BVA API Tests POST /admin/products/create (BVA-APROD-11 to BVA-APROD-22) BVA-APROD-18: price rß║Ñt lß╗¢n","invocations":1,"location":null,"numPassingAsserts":1,"retryReasons":[],"startAt":1775374283362,"status":"passed","title":"BVA-APROD-18: price rß║Ñt lß╗¢n"},{"ancestorTitles":["Admin Products BVA API Tests","POST /admin/products/create (BVA-APROD-11 to BVA-APROD-22)"],"duration":44,"failing":false,"failureDetails":[],"failureMessages":[],"fullName":"Admin Products BVA API Tests POST /admin/products/create (BVA-APROD-11 to BVA-APROD-22) BVA-APROD-19: thumbnail kh├┤ng upload","invocations":1,"location":null,"numPassingAsserts":1,"retryReasons":[],"startAt":1775374283403,"status":"passed","title":"BVA-APROD-19: thumbnail kh├┤ng upload"},{"ancestorTitles":["Admin Products BVA API Tests","POST /admin/products/create (BVA-APROD-11 to BVA-APROD-22)"],"duration":1612,"failing":false,"failureDetails":[{"matcherResult":{"message":"expect(received).toContain(expected) // indexOf\n\nExpected value: 500\nReceived array: [200, 302, 201]","pass":false}}],"failureMessages":["Error: expect(received).toContain(expected) // indexOf\n\nExpected value: 500\nReceived array: [200, 302, 201]\n    at Object.toContain (D:\\Subjects - Documents\\Software Testing\\Kiem-chung-phan-mem\\tests\\admin-products.test.js:157:37)\n    at processTicksAndRejections (node:internal/process/task_queues:105:5)"],"fullName":"Admin Products BVA API Tests POST /admin/products/create (BVA-APROD-11 to BVA-APROD-22) BVA-APROD-20: thumbnail file hß╗úp lß╗ç","invocations":1,"location":null,"numPassingAsserts":0,"retryReasons":[],"startAt":1775374283448,"status":"failed","title":"BVA-APROD-20: thumbnail file hß╗úp lß╗ç"},{"ancestorTitles":["Admin Products BVA API Tests","POST /admin/products/create (BVA-APROD-11 to BVA-APROD-22)"],"duration":676,"failing":false,"failureDetails":[{"matcherResult":{"actual":500,"expected":400,"message":"expect(received).toBe(expected) // Object.is equality\n\nExpected: 400\nReceived: 500","name":"toBe","pass":false}}],"failureMessages":["Error: expect(received).toBe(expected) // Object.is equality\n\nExpected: 400\nReceived: 500\n    at Object.toBe (D:\\Subjects - Documents\\Software Testing\\Kiem-chung-phan-mem\\tests\\admin-products.test.js:170:37)\n    at processTicksAndRejections (node:internal/process/task_queues:105:5)"],"fullName":"Admin Products BVA API Tests POST /admin/products/create (BVA-APROD-11 to BVA-APROD-22) BVA-APROD-21: thumbnail file sai ─æß╗ïnh dß║íng","invocations":1,"location":null,"numPassingAsserts":0,"retryReasons":[],"startAt":1775374285062,"status":"failed","title":"BVA-APROD-21: thumbnail file sai ─æß╗ïnh dß║íng"},{"ancestorTitles":["Admin Products BVA API Tests","POST /admin/products/create (BVA-APROD-11 to BVA-APROD-22)"],"duration":4105,"failing":false,"failureDetails":[],"failureMessages":[],"fullName":"Admin Products BVA API Tests POST /admin/products/create (BVA-APROD-11 to BVA-APROD-22) BVA-APROD-22: thumbnail file qu├í size","invocations":1,"location":null,"numPassingAsserts":1,"retryReasons":[],"startAt":1775374285739,"status":"passed","title":"BVA-APROD-22: thumbnail file qu├í size"},{"ancestorTitles":["Admin Products BVA API Tests","PATCH /admin/products/edit/:id (BVA-APROD-23 to BVA-APROD-27)"],"duration":47,"failing":false,"failureDetails":[],"failureMessages":[],"fullName":"Admin Products BVA API Tests PATCH /admin/products/edit/:id (BVA-APROD-23 to BVA-APROD-27) BVA-APROD-23: id hß╗úp lß╗ç","invocations":1,"location":null,"numPassingAsserts":1,"retryReasons":[],"startAt":1775374289844,"status":"passed","title":"BVA-APROD-23: id hß╗úp lß╗ç"},{"ancestorTitles":["Admin Products BVA API Tests","PATCH /admin/products/edit/:id (BVA-APROD-23 to BVA-APROD-27)"],"duration":26,"failing":false,"failureDetails":[],"failureMessages":[],"fullName":"Admin Products BVA API Tests PATCH /admin/products/edit/:id (BVA-APROD-23 to BVA-APROD-27) BVA-APROD-24: id sai format","invocations":1,"location":null,"numPassingAsserts":1,"retryReasons":[],"startAt":1775374289891,"status":"passed","title":"BVA-APROD-24: id sai format"},{"ancestorTitles":["Admin Products BVA API Tests","PATCH /admin/products/edit/:id (BVA-APROD-23 to BVA-APROD-27)"],"duration":27,"failing":false,"failureDetails":[],"failureMessages":[],"fullName":"Admin Products BVA API Tests PATCH /admin/products/edit/:id (BVA-APROD-23 to BVA-APROD-27) BVA-APROD-25: id kh├┤ng tß╗ôn tß║íi","invocations":1,"location":null,"numPassingAsserts":1,"retryReasons":[],"startAt":1775374289917,"status":"passed","title":"BVA-APROD-25: id kh├┤ng tß╗ôn tß║íi"},{"ancestorTitles":["Admin Products BVA API Tests","PATCH /admin/products/edit/:id (BVA-APROD-23 to BVA-APROD-27)"],"duration":26,"failing":false,"failureDetails":[],"failureMessages":[],"fullName":"Admin Products BVA API Tests PATCH /admin/products/edit/:id (BVA-APROD-23 to BVA-APROD-27) BVA-APROD-26: name rß╗ùng","invocations":1,"location":null,"numPassingAsserts":1,"retryReasons":[],"startAt":1775374289944,"status":"passed","title":"BVA-APROD-26: name rß╗ùng"},{"ancestorTitles":["Admin Products BVA API Tests","PATCH /admin/products/edit/:id (BVA-APROD-23 to BVA-APROD-27)"],"duration":27,"failing":false,"failureDetails":[],"failureMessages":[],"fullName":"Admin Products BVA API Tests PATCH /admin/products/edit/:id (BVA-APROD-23 to BVA-APROD-27) BVA-APROD-27: price ├óm","invocations":1,"location":null,"numPassingAsserts":1,"retryReasons":[],"startAt":1775374289970,"status":"passed","title":"BVA-APROD-27: price ├óm"},{"ancestorTitles":["Admin Products BVA API Tests","PATCH /admin/products/change-status/:status/:id (BVA-APROD-28 to BVA-APROD-30)"],"duration":28,"failing":false,"failureDetails":[],"failureMessages":[],"fullName":"Admin Products BVA API Tests PATCH /admin/products/change-status/:status/:id (BVA-APROD-28 to BVA-APROD-30) BVA-APROD-28: status hß╗úp lß╗ç","invocations":1,"location":null,"numPassingAsserts":1,"retryReasons":[],"startAt":1775374289998,"status":"passed","title":"BVA-APROD-28: status hß╗úp lß╗ç"},{"ancestorTitles":["Admin Products BVA API Tests","PATCH /admin/products/change-status/:status/:id (BVA-APROD-28 to BVA-APROD-30)"],"duration":26,"failing":false,"failureDetails":[],"failureMessages":[],"fullName":"Admin Products BVA API Tests PATCH /admin/products/change-status/:status/:id (BVA-APROD-28 to BVA-APROD-30) BVA-APROD-29: status sai","invocations":1,"location":null,"numPassingAsserts":1,"retryReasons":[],"startAt":1775374290026,"status":"passed","title":"BVA-APROD-29: status sai"},{"ancestorTitles":["Admin Products BVA API Tests","PATCH /admin/products/change-status/:status/:id (BVA-APROD-28 to BVA-APROD-30)"],"duration":33,"failing":false,"failureDetails":[],"failureMessages":[],"fullName":"Admin Products BVA API Tests PATCH /admin/products/change-status/:status/:id (BVA-APROD-28 to BVA-APROD-30) BVA-APROD-30: id sai","invocations":1,"location":null,"numPassingAsserts":1,"retryReasons":[],"startAt":1775374290052,"status":"passed","title":"BVA-APROD-30: id sai"},{"ancestorTitles":["Admin Products BVA API Tests","PATCH /admin/products/change-multi (BVA-APROD-31 to BVA-APROD-33)"],"duration":33,"failing":false,"failureDetails":[],"failureMessages":[],"fullName":"Admin Products BVA API Tests PATCH /admin/products/change-multi (BVA-APROD-31 to BVA-APROD-33) BVA-APROD-31: list rß╗ùng","invocations":1,"location":null,"numPassingAsserts":1,"retryReasons":[],"startAt":1775374290086,"status":"passed","title":"BVA-APROD-31: list rß╗ùng"},{"ancestorTitles":["Admin Products BVA API Tests","PATCH /admin/products/change-multi (BVA-APROD-31 to BVA-APROD-33)"],"duration":23,"failing":false,"failureDetails":[],"failureMessages":[],"fullName":"Admin Products BVA API Tests PATCH /admin/products/change-multi (BVA-APROD-31 to BVA-APROD-33) BVA-APROD-32: list hß╗úp lß╗ç","invocations":1,"location":null,"numPassingAsserts":1,"retryReasons":[],"startAt":1775374290119,"status":"passed","title":"BVA-APROD-32: list hß╗úp lß╗ç"},{"ancestorTitles":["Admin Products BVA API Tests","PATCH /admin/products/change-multi (BVA-APROD-31 to BVA-APROD-33)"],"duration":21,"failing":false,"failureDetails":[],"failureMessages":[],"fullName":"Admin Products BVA API Tests PATCH /admin/products/change-multi (BVA-APROD-31 to BVA-APROD-33) BVA-APROD-33: list c├│ id sai","invocations":1,"location":null,"numPassingAsserts":1,"retryReasons":[],"startAt":1775374290142,"status":"passed","title":"BVA-APROD-33: list c├│ id sai"},{"ancestorTitles":["Admin Products BVA API Tests","DELETE /admin/products/delete-product/:id (BVA-APROD-34 to BVA-APROD-36)"],"duration":22,"failing":false,"failureDetails":[],"failureMessages":[],"fullName":"Admin Products BVA API Tests DELETE /admin/products/delete-product/:id (BVA-APROD-34 to BVA-APROD-36) BVA-APROD-34: id hß╗úp lß╗ç","invocations":1,"location":null,"numPassingAsserts":1,"retryReasons":[],"startAt":1775374290163,"status":"passed","title":"BVA-APROD-34: id hß╗úp lß╗ç"},{"ancestorTitles":["Admin Products BVA API Tests","DELETE /admin/products/delete-product/:id (BVA-APROD-34 to BVA-APROD-36)"],"duration":21,"failing":false,"failureDetails":[],"failureMessages":[],"fullName":"Admin Products BVA API Tests DELETE /admin/products/delete-product/:id (BVA-APROD-34 to BVA-APROD-36) BVA-APROD-35: id sai","invocations":1,"location":null,"numPassingAsserts":1,"retryReasons":[],"startAt":1775374290185,"status":"passed","title":"BVA-APROD-35: id sai"},{"ancestorTitles":["Admin Products BVA API Tests","DELETE /admin/products/delete-product/:id (BVA-APROD-34 to BVA-APROD-36)"],"duration":23,"failing":false,"failureDetails":[],"failureMessages":[],"fullName":"Admin Products BVA API Tests DELETE /admin/products/delete-product/:id (BVA-APROD-34 to BVA-APROD-36) BVA-APROD-36: id kh├┤ng tß╗ôn tß║íi","invocations":1,"location":null,"numPassingAsserts":1,"retryReasons":[],"startAt":1775374290206,"status":"passed","title":"BVA-APROD-36: id kh├┤ng tß╗ôn tß║íi"},{"ancestorTitles":["Admin Products BVA API Tests","GET /admin/products/detail/:id (BVA-APROD-37 to BVA-APROD-39)"],"duration":34,"failing":false,"failureDetails":[],"failureMessages":[],"fullName":"Admin Products BVA API Tests GET /admin/products/detail/:id (BVA-APROD-37 to BVA-APROD-39) BVA-APROD-37: id hß╗úp lß╗ç","invocations":1,"location":null,"numPassingAsserts":1,"retryReasons":[],"startAt":1775374290229,"status":"passed","title":"BVA-APROD-37: id hß╗úp lß╗ç"},{"ancestorTitles":["Admin Products BVA API Tests","GET /admin/products/detail/:id (BVA-APROD-37 to BVA-APROD-39)"],"duration":90,"failing":false,"failureDetails":[],"failureMessages":[],"fullName":"Admin Products BVA API Tests GET /admin/products/detail/:id (BVA-APROD-37 to BVA-APROD-39) BVA-APROD-38: id sai format","invocations":1,"location":null,"numPassingAsserts":1,"retryReasons":[],"startAt":1775374290264,"status":"passed","title":"BVA-APROD-38: id sai format"},{"ancestorTitles":["Admin Products BVA API Tests","GET /admin/products/detail/:id (BVA-APROD-37 to BVA-APROD-39)"],"duration":37,"failing":false,"failureDetails":[],"failureMessages":[],"fullName":"Admin Products BVA API Tests GET /admin/products/detail/:id (BVA-APROD-37 to BVA-APROD-39) BVA-APROD-39: id kh├┤ng tß╗ôn tß║íi","invocations":1,"location":null,"numPassingAsserts":1,"retryReasons":[],"startAt":1775374290355,"status":"passed","title":"BVA-APROD-39: id kh├┤ng tß╗ôn tß║íi"}],"endTime":1775374290535,"message":"  ΓùÅ Admin Products BVA API Tests ΓÇ║ POST /admin/products/create (BVA-APROD-11 to BVA-APROD-22) ΓÇ║ BVA-APROD-20: thumbnail file hß╗úp lß╗ç\n\n    expect(received).toContain(expected) // indexOf\n\n    Expected value: 500\n    Received array: [200, 302, 201]\n\n    \u001b[0m \u001b[90m 155 |\u001b[39m                 \u001b[33m.\u001b[39mattach(\u001b[32m'thumbnail'\u001b[39m\u001b[33m,\u001b[39m \u001b[33mBuffer\u001b[39m\u001b[33m.\u001b[39m\u001b[36mfrom\u001b[39m(\u001b[32m'fake image'\u001b[39m)\u001b[33m,\u001b[39m \u001b[32m'test.jpg'\u001b[39m)\n     \u001b[90m 156 |\u001b[39m                 \u001b[33m.\u001b[39maccept(\u001b[32m'application/json'\u001b[39m)\u001b[33m;\u001b[39m\n    \u001b[31m\u001b[1m>\u001b[22m\u001b[39m\u001b[90m 157 |\u001b[39m             expect([\u001b[35m200\u001b[39m\u001b[33m,\u001b[39m \u001b[35m302\u001b[39m\u001b[33m,\u001b[39m \u001b[35m201\u001b[39m])\u001b[33m.\u001b[39mtoContain(response\u001b[33m.\u001b[39mstatus)\u001b[33m;\u001b[39m\n     \u001b[90m     |\u001b[39m                                     \u001b[31m\u001b[1m^\u001b[22m\u001b[39m\n     \u001b[90m 158 |\u001b[39m         })\u001b[33m;\u001b[39m\n     \u001b[90m 159 |\u001b[39m\n     \u001b[90m 160 |\u001b[39m         test(\u001b[32m'BVA-APROD-21: thumbnail file sai ─æß╗ïnh dß║íng'\u001b[39m\u001b[33m,\u001b[39m \u001b[36masync\u001b[39m () \u001b[33m=>\u001b[39m {\u001b[0m\n\n      at Object.toContain (tests/admin-products.test.js:157:37)\n\n  ΓùÅ Admin Products BVA API Tests ΓÇ║ POST /admin/products/create (BVA-APROD-11 to BVA-APROD-22) ΓÇ║ BVA-APROD-21: thumbnail file sai ─æß╗ïnh dß║íng\n\n    expect(received).toBe(expected) // Object.is equality\n\n    Expected: 400\n    Received: 500\n\n    \u001b[0m \u001b[90m 168 |\u001b[39m                 \u001b[33m.\u001b[39mattach(\u001b[32m'thumbnail'\u001b[39m\u001b[33m,\u001b[39m \u001b[33mBuffer\u001b[39m\u001b[33m.\u001b[39m\u001b[36mfrom\u001b[39m(\u001b[32m'fake exe'\u001b[39m)\u001b[33m,\u001b[39m \u001b[32m'test.exe'\u001b[39m)\n     \u001b[90m 169 |\u001b[39m                 \u001b[33m.\u001b[39maccept(\u001b[32m'application/json'\u001b[39m)\u001b[33m;\u001b[39m\n    \u001b[31m\u001b[1m>\u001b[22m\u001b[39m\u001b[90m 170 |\u001b[39m             expect(response\u001b[33m.\u001b[39mstatus)\u001b[33m.\u001b[39mtoBe(\u001b[35m400\u001b[39m)\u001b[33m;\u001b[39m \u001b[90m// Wait, if validation handles it\u001b[39m\n     \u001b[90m     |\u001b[39m                                     \u001b[31m\u001b[1m^\u001b[22m\u001b[39m\n     \u001b[90m 171 |\u001b[39m         })\u001b[33m;\u001b[39m\n     \u001b[90m 172 |\u001b[39m\n     \u001b[90m 173 |\u001b[39m         test(\u001b[32m'BVA-APROD-22: thumbnail file qu├í size'\u001b[39m\u001b[33m,\u001b[39m \u001b[36masync\u001b[39m () \u001b[33m=>\u001b[39m {\u001b[0m\n\n      at Object.toBe (tests/admin-products.test.js:170:37)\n","name":"D:\\Subjects - Documents\\Software Testing\\Kiem-chung-phan-mem\\tests\\admin-products.test.js","startTime":1775374278139,"status":"failed","summary":""}],"wasInterrupted":false}
